nohup: 忽略输入
[2022-11-30 20:55:36.431] [info] BinarySearch, n_user 1000000, n_query 1000, tau 4
[2022-11-30 20:55:40.538] [info] compute tau 4, time 4.107726812s, sum 2402979936
[2022-11-30 20:55:40.586] [info] BinarySearch, n_user 1000000, n_query 1000, tau 8
[2022-11-30 20:55:46.002] [info] compute tau 8, time 5.416020974s, sum 4495104984
[2022-11-30 20:55:46.099] [info] BinarySearch, n_user 1000000, n_query 1000, tau 16
[2022-11-30 20:55:54.286] [info] compute tau 16, time 8.186343153s, sum 8329368256
[2022-11-30 20:55:54.496] [info] BinarySearch, n_user 1000000, n_query 1000, tau 32
[2022-11-30 20:56:08.288] [info] compute tau 32, time 13.791974582s, sum 16660848960
[2022-11-30 20:56:08.705] [info] BinarySearch, n_user 1000000, n_query 1000, tau 64
[2022-11-30 20:56:31.113] [info] compute tau 64, time 22.407436148s, sum 32938080000
[2022-11-30 20:56:31.970] [info] BinarySearch, n_user 1000000, n_query 1000, tau 128
[2022-11-30 20:57:03.645] [info] compute tau 128, time 31.675418987s, sum 65719868544
[2022-11-30 20:57:05.392] [info] BinarySearch, n_user 1000000, n_query 1000, tau 256
[2022-11-30 20:57:44.537] [info] compute tau 256, time 39.145505486s, sum 120761287424
[2022-11-30 20:57:48.086] [info] BinarySearch, n_user 1000000, n_query 1000, tau 512
[2022-11-30 20:58:33.831] [info] compute tau 512, time 45.744577441s, sum 263932393472
[2022-11-30 20:58:41.065] [info] BinarySearch, n_user 1000000, n_query 1000, tau 1024
[2022-11-30 20:59:36.582] [info] compute tau 1024, time 55.516470566s, sum 524990918656
[2022-11-30 20:59:51.323] [info] BinarySearch, n_user 1000000, n_query 1000, tau 2048
[2022-11-30 21:00:57.662] [info] compute tau 2048, time 66.338930896s, sum 1070218434560
[2022-11-30 21:01:28.002] [info] BinarySearch, n_user 1000000, n_query 1000, tau 4096
[2022-11-30 21:02:41.044] [info] compute tau 4096, time 73.042677325s, sum 1980872593408
[2022-11-30 21:04:13.518] [info] BinarySearch, n_user 1000000, n_query 1000, tau 8192
[2022-11-30 21:05:38.939] [info] compute tau 8192, time 85.420152121s, sum 4049043275776
[2022-11-30 21:07:50.888] [info] ComputeIP, n_user 1000000, n_query 1000, vec_dim 1
[2022-11-30 21:07:52.106] [info] try_dim 1, time 1.217340955s, sum 256469331413284
[2022-11-30 21:07:52.117] [info] ComputeIP, n_user 1000000, n_query 1000, vec_dim 2
[2022-11-30 21:07:53.556] [info] try_dim 2, time 1.438755246s, sum 496952006819987
[2022-11-30 21:07:53.572] [info] ComputeIP, n_user 1000000, n_query 1000, vec_dim 3
[2022-11-30 21:07:55.838] [info] try_dim 3, time 2.266017669s, sum 731307300923604
[2022-11-30 21:07:55.861] [info] ComputeIP, n_user 1000000, n_query 1000, vec_dim 4
[2022-11-30 21:07:58.428] [info] try_dim 4, time 2.567534186s, sum 1008535863034897
[2022-11-30 21:07:58.457] [info] ComputeIP, n_user 1000000, n_query 1000, vec_dim 5
[2022-11-30 21:08:01.640] [info] try_dim 5, time 3.183679013s, sum 1235606826087264
[2022-11-30 21:08:01.674] [info] ComputeIP, n_user 1000000, n_query 1000, vec_dim 6
[2022-11-30 21:08:05.357] [info] try_dim 6, time 3.682441756s, sum 1492080760945210
[2022-11-30 21:08:05.396] [info] ComputeIP, n_user 1000000, n_query 1000, vec_dim 7
[2022-11-30 21:08:09.843] [info] try_dim 7, time 4.446803163s, sum 1743742661839302
[2022-11-30 21:08:09.888] [info] ComputeIP, n_user 1000000, n_query 1000, vec_dim 8
[2022-11-30 21:08:14.556] [info] try_dim 8, time 4.668323065s, sum 1974087313274953
[2022-11-30 21:08:14.607] [info] ComputeIP, n_user 1000000, n_query 1000, vec_dim 9
[2022-11-30 21:08:19.988] [info] try_dim 9, time 5.381869199s, sum 2246050768769226
[2022-11-30 21:08:20.045] [info] ComputeIP, n_user 1000000, n_query 1000, vec_dim 10
[2022-11-30 21:08:25.891] [info] try_dim 10, time 5.846105688s, sum 2508431390004285
[2022-11-30 21:08:25.952] [info] ComputeIP, n_user 1000000, n_query 1000, vec_dim 11
[2022-11-30 21:08:32.625] [info] try_dim 11, time 6.672193486s, sum 2762317265937457
[2022-11-30 21:08:32.692] [info] ComputeIP, n_user 1000000, n_query 1000, vec_dim 12
[2022-11-30 21:08:39.461] [info] try_dim 12, time 6.769260665s, sum 3015871674364309
[2022-11-30 21:08:39.534] [info] ComputeIP, n_user 1000000, n_query 1000, vec_dim 13
[2022-11-30 21:08:46.996] [info] try_dim 13, time 7.462554235s, sum 3264489215856068
[2022-11-30 21:08:47.075] [info] ComputeIP, n_user 1000000, n_query 1000, vec_dim 14
[2022-11-30 21:08:54.973] [info] try_dim 14, time 7.897845699s, sum 3494132572413734
[2022-11-30 21:08:55.057] [info] ComputeIP, n_user 1000000, n_query 1000, vec_dim 15
[2022-11-30 21:09:03.814] [info] try_dim 15, time 8.756939969s, sum 3727111862803348
[2022-11-30 21:09:03.904] [info] ComputeIP, n_user 1000000, n_query 1000, vec_dim 16
[2022-11-30 21:09:12.814] [info] try_dim 16, time 8.909911241s, sum 4017941785611675
[2022-11-30 21:09:12.910] [info] ComputeIP, n_user 1000000, n_query 1000, vec_dim 17
[2022-11-30 21:09:22.579] [info] try_dim 17, time 9.669722925s, sum 4255672864397771
[2022-11-30 21:09:22.681] [info] ComputeIP, n_user 1000000, n_query 1000, vec_dim 18
[2022-11-30 21:09:32.837] [info] try_dim 18, time 10.15580086s, sum 4510961095516383
[2022-11-30 21:09:32.944] [info] ComputeIP, n_user 1000000, n_query 1000, vec_dim 19
[2022-11-30 21:09:43.915] [info] try_dim 19, time 10.971643908s, sum 4784707041065636
[2022-11-30 21:09:44.028] [info] ComputeIP, n_user 1000000, n_query 1000, vec_dim 20
[2022-11-30 21:09:55.408] [info] try_dim 20, time 11.379614243s, sum 5043713160146504
[2022-11-30 21:09:55.526] [info] ComputeIP, n_user 1000000, n_query 1000, vec_dim 21
[2022-11-30 21:10:07.527] [info] try_dim 21, time 12.001523223s, sum 5274344737736103
[2022-11-30 21:10:07.651] [info] ComputeIP, n_user 1000000, n_query 1000, vec_dim 22
[2022-11-30 21:10:20.100] [info] try_dim 22, time 12.448425422s, sum 5505615021383868
[2022-11-30 21:10:20.229] [info] ComputeIP, n_user 1000000, n_query 1000, vec_dim 23
[2022-11-30 21:10:33.584] [info] try_dim 23, time 13.354505728s, sum 5748577380415841
[2022-11-30 21:10:33.719] [info] ComputeIP, n_user 1000000, n_query 1000, vec_dim 24
[2022-11-30 21:10:47.420] [info] try_dim 24, time 13.700667354s, sum 5995034264516140
[2022-11-30 21:10:47.561] [info] ComputeIP, n_user 1000000, n_query 1000, vec_dim 25
[2022-11-30 21:11:02.058] [info] try_dim 25, time 14.497067778s, sum 6280682723422094
[2022-11-30 21:11:02.205] [info] ComputeIP, n_user 1000000, n_query 1000, vec_dim 26
[2022-11-30 21:11:17.142] [info] try_dim 26, time 14.937409566s, sum 6482678440118066
[2022-11-30 21:11:17.295] [info] ComputeIP, n_user 1000000, n_query 1000, vec_dim 27
[2022-11-30 21:11:33.335] [info] try_dim 27, time 16.040323332s, sum 6773626437735387
[2022-11-30 21:11:33.493] [info] ComputeIP, n_user 1000000, n_query 1000, vec_dim 28
[2022-11-30 21:11:49.710] [info] try_dim 28, time 16.216996034s, sum 7036761299829538
[2022-11-30 21:11:49.874] [info] ComputeIP, n_user 1000000, n_query 1000, vec_dim 29
[2022-11-30 21:12:07.033] [info] try_dim 29, time 17.15983831s, sum 7258504106326929
[2022-11-30 21:12:07.203] [info] ComputeIP, n_user 1000000, n_query 1000, vec_dim 30
[2022-11-30 21:12:24.773] [info] try_dim 30, time 17.57018653s, sum 7517213008022193
