nohup: ignoring input
[2022-11-19 19:23:48.690] [info] Simpfer dataset_name yelp, dataset_dir /home/zhengbian/Dataset/ReverseMIPS
[2022-11-19 19:23:48.690] [info] index_dir /home/zhengbian/reverse-k-ranks/index
[2022-11-19 19:23:57.720] [info] n_data_item 159585, n_query_item 1000, n_user 2189457, vec_dim 150
[2022-11-19 19:23:57.720] [info] input parameter: simpfer_k_max 367, stop_time 17280s
[2022-11-19 19:32:48.642] [info] finish preprocess and save the index
[2022-11-19 20:44:21.202] [info] queryID 0, result_size 136927, rtk_topk 512, ip_cost 1282575515, query_time 4292.48s, total_ip_cost 1282575515, total_retrieval_time 4292.48s
[2022-11-19 21:58:46.094] [info] queryID 1, result_size 547594, rtk_topk 512, ip_cost 1231571061, query_time 4464.89s, total_ip_cost 2514146576, total_retrieval_time 8757.37s
[2022-11-19 23:17:14.044] [info] queryID 2, result_size 268141, rtk_topk 512, ip_cost 1282598718, query_time 4707.94s, total_ip_cost 3796745294, total_retrieval_time 13465.31s
[2022-11-20 00:36:11.847] [info] queryID 3, result_size 821056, rtk_topk 512, ip_cost 1087612148, query_time 4737.80s, total_ip_cost 4884357442, total_retrieval_time 18203.11s
[2022-11-20 00:36:11.862] [info] total retrieval time larger than stop time, retrieval exit
[2022-11-20 00:36:11.935] [info] finish top-200
[2022-11-20 00:36:11.935] [info] top200 retrieval:
	total IP cost 4884357442, total time 18203.107s
[2022-11-20 01:54:36.781] [info] queryID 0, result_size 273770, rtk_topk 512, ip_cost 1285065432, query_time 4704.84s, total_ip_cost 1285065432, total_retrieval_time 4704.84s
[2022-11-20 01:54:44.941] [info] queryID 1, result_size 145, rtk_topk 256, ip_cost 60906108, query_time 8.15s, total_ip_cost 1345971540, total_retrieval_time 4713.00s
[2022-11-20 03:12:20.243] [info] queryID 2, result_size 268742, rtk_topk 512, ip_cost 1283288298, query_time 4655.30s, total_ip_cost 2629259838, total_retrieval_time 9368.30s
[2022-11-20 04:29:38.390] [info] queryID 3, result_size 273702, rtk_topk 512, ip_cost 1282375896, query_time 4638.14s, total_ip_cost 3911635734, total_retrieval_time 14006.44s
[2022-11-20 04:29:46.063] [info] queryID 4, result_size 163, rtk_topk 128, ip_cost 51620139, query_time 7.67s, total_ip_cost 3963255873, total_retrieval_time 14014.11s
[2022-11-20 04:29:52.188] [info] queryID 5, result_size 121, rtk_topk 256, ip_cost 69952905, query_time 6.13s, total_ip_cost 4033208778, total_retrieval_time 14020.24s
[2022-11-20 04:29:57.437] [info] queryID 6, result_size 156, rtk_topk 128, ip_cost 67805940, query_time 5.25s, total_ip_cost 4101014718, total_retrieval_time 14025.48s
[2022-11-20 05:44:31.765] [info] queryID 7, result_size 410540, rtk_topk 512, ip_cost 1257172824, query_time 4474.29s, total_ip_cost 5358187542, total_retrieval_time 18499.78s
[2022-11-20 05:44:31.771] [info] total retrieval time larger than stop time, retrieval exit
[2022-11-20 05:44:31.782] [info] finish top-100
[2022-11-20 05:44:31.782] [info] top100 retrieval:
	total IP cost 5358187542, total time 18499.778s
[2022-11-20 06:55:24.650] [info] queryID 0, result_size 136931, rtk_topk 512, ip_cost 1284998592, query_time 4252.87s, total_ip_cost 1284998592, total_retrieval_time 4252.87s
[2022-11-20 06:55:31.997] [info] queryID 1, result_size 145, rtk_topk 256, ip_cost 60906108, query_time 7.34s, total_ip_cost 1345904700, total_retrieval_time 4260.21s
[2022-11-20 08:13:58.337] [info] queryID 2, result_size 269193, rtk_topk 512, ip_cost 1281147080, query_time 4706.34s, total_ip_cost 2627051780, total_retrieval_time 8966.55s
[2022-11-20 09:24:47.854] [info] queryID 3, result_size 136861, rtk_topk 512, ip_cost 1285958172, query_time 4249.51s, total_ip_cost 3913009952, total_retrieval_time 13216.06s
[2022-11-20 09:24:51.713] [info] queryID 4, result_size 57, rtk_topk 64, ip_cost 14607899, query_time 3.85s, total_ip_cost 3927617851, total_retrieval_time 13219.91s
[2022-11-20 09:24:57.931] [info] queryID 5, result_size 121, rtk_topk 256, ip_cost 69952905, query_time 6.22s, total_ip_cost 3997570756, total_retrieval_time 13226.13s
[2022-11-20 09:25:03.065] [info] queryID 6, result_size 156, rtk_topk 128, ip_cost 67805940, query_time 5.13s, total_ip_cost 4065376696, total_retrieval_time 13231.26s
[2022-11-20 10:35:14.297] [info] queryID 7, result_size 136866, rtk_topk 512, ip_cost 1285682036, query_time 4211.23s, total_ip_cost 5351058732, total_retrieval_time 17442.49s
[2022-11-20 10:35:14.300] [info] total retrieval time larger than stop time, retrieval exit
[2022-11-20 10:35:14.313] [info] finish top-50
[2022-11-20 10:35:14.313] [info] top50 retrieval:
	total IP cost 5351058732, total time 17442.492s
[2022-11-20 10:35:19.939] [info] queryID 0, result_size 34, rtk_topk 256, ip_cost 35140246, query_time 5.63s, total_ip_cost 35140246, total_retrieval_time 5.63s
[2022-11-20 10:35:22.375] [info] queryID 1, result_size 20, rtk_topk 64, ip_cost 6004443, query_time 2.44s, total_ip_cost 41144689, total_retrieval_time 8.06s
[2022-11-20 11:44:57.512] [info] queryID 2, result_size 134334, rtk_topk 512, ip_cost 1283920466, query_time 4175.14s, total_ip_cost 1325065155, total_retrieval_time 4183.20s
[2022-11-20 12:14:03.542] [info] queryID 3, result_size 22, rtk_topk 512, ip_cost 1272289933, query_time 1746.02s, total_ip_cost 2597355088, total_retrieval_time 5929.22s
[2022-11-20 12:14:06.603] [info] queryID 4, result_size 20, rtk_topk 32, ip_cost 5834847, query_time 3.06s, total_ip_cost 2603189935, total_retrieval_time 5932.28s
[2022-11-20 12:14:09.795] [info] queryID 5, result_size 37, rtk_topk 128, ip_cost 13782889, query_time 3.19s, total_ip_cost 2616972824, total_retrieval_time 5935.47s
[2022-11-20 12:14:12.452] [info] queryID 6, result_size 38, rtk_topk 64, ip_cost 15574088, query_time 2.66s, total_ip_cost 2632546912, total_retrieval_time 5938.13s
[2022-11-20 13:31:06.486] [info] queryID 7, result_size 273706, rtk_topk 512, ip_cost 1281409571, query_time 4614.03s, total_ip_cost 3913956483, total_retrieval_time 10552.16s
[2022-11-20 13:31:11.442] [info] queryID 8, result_size 27, rtk_topk 256, ip_cost 29191352, query_time 4.94s, total_ip_cost 3943147835, total_retrieval_time 10557.11s
[2022-11-20 13:31:16.296] [info] queryID 9, result_size 48, rtk_topk 256, ip_cost 62216298, query_time 4.85s, total_ip_cost 4005364133, total_retrieval_time 10561.96s
[2022-11-20 13:31:19.589] [info] queryID 10, result_size 20, rtk_topk 128, ip_cost 9236667, query_time 3.29s, total_ip_cost 4014600800, total_retrieval_time 10565.25s
[2022-11-20 13:59:13.581] [info] queryID 11, result_size 33, rtk_topk 512, ip_cost 1272078361, query_time 1673.99s, total_ip_cost 5286679161, total_retrieval_time 12239.24s
[2022-11-20 15:45:11.700] [info] queryID 12, result_size 25, rtk_topk 2048, ip_cost 3490800196, query_time 6358.12s, total_ip_cost 8777479357, total_retrieval_time 18597.36s
[2022-11-20 15:45:11.700] [info] total retrieval time larger than stop time, retrieval exit
[2022-11-20 15:45:11.706] [info] finish top-20
[2022-11-20 15:45:11.706] [info] top20 retrieval:
	total IP cost 8777479357, total time 18597.364s
[2022-11-20 15:45:15.657] [info] queryID 0, result_size 10, rtk_topk 64, ip_cost 3657394, query_time 3.95s, total_ip_cost 3657394, total_retrieval_time 3.95s
[2022-11-20 15:45:18.620] [info] queryID 1, result_size 20, rtk_topk 64, ip_cost 6004443, query_time 2.96s, total_ip_cost 9661837, total_retrieval_time 6.91s
[2022-11-20 15:45:22.507] [info] queryID 2, result_size 12, rtk_topk 256, ip_cost 19308739, query_time 3.89s, total_ip_cost 28970576, total_retrieval_time 10.80s
[2022-11-20 16:56:05.430] [info] queryID 3, result_size 136862, rtk_topk 512, ip_cost 1283943344, query_time 4242.92s, total_ip_cost 1312913920, total_retrieval_time 4253.72s
[2022-11-20 16:56:08.600] [info] queryID 4, result_size 20, rtk_topk 32, ip_cost 5834847, query_time 3.16s, total_ip_cost 1318748767, total_retrieval_time 4256.88s
[2022-11-20 16:56:11.090] [info] queryID 5, result_size 13, rtk_topk 64, ip_cost 4969940, query_time 2.49s, total_ip_cost 1323718707, total_retrieval_time 4259.37s
[2022-11-20 16:56:13.200] [info] queryID 6, result_size 12, rtk_topk 32, ip_cost 4965464, query_time 2.11s, total_ip_cost 1328684171, total_retrieval_time 4261.48s
[2022-11-20 16:56:16.805] [info] queryID 7, result_size 13, rtk_topk 256, ip_cost 21241435, query_time 3.60s, total_ip_cost 1349925606, total_retrieval_time 4265.09s
[2022-11-20 16:56:19.501] [info] queryID 8, result_size 11, rtk_topk 128, ip_cost 5830106, query_time 2.70s, total_ip_cost 1355755712, total_retrieval_time 4267.78s
[2022-11-20 16:56:22.816] [info] queryID 9, result_size 15, rtk_topk 128, ip_cost 13117312, query_time 3.32s, total_ip_cost 1368873024, total_retrieval_time 4271.10s
[2022-11-20 16:56:25.260] [info] queryID 10, result_size 10, rtk_topk 64, ip_cost 4347709, query_time 2.44s, total_ip_cost 1373220733, total_retrieval_time 4273.54s
[2022-11-20 16:56:28.643] [info] queryID 11, result_size 13, rtk_topk 256, ip_cost 15603763, query_time 3.38s, total_ip_cost 1388824496, total_retrieval_time 4276.92s
[2022-11-20 18:42:05.941] [info] queryID 12, result_size 25, rtk_topk 2048, ip_cost 3494098024, query_time 6337.30s, total_ip_cost 4882922520, total_retrieval_time 10614.22s
[2022-11-20 20:00:42.692] [info] queryID 13, result_size 273687, rtk_topk 512, ip_cost 1282596487, query_time 4716.75s, total_ip_cost 6165519007, total_retrieval_time 15330.97s
[2022-11-20 20:00:46.580] [info] queryID 14, result_size 21, rtk_topk 128, ip_cost 14089974, query_time 3.88s, total_ip_cost 6179608981, total_retrieval_time 15334.85s
[2022-11-20 20:00:49.893] [info] queryID 15, result_size 11, rtk_topk 128, ip_cost 5064385, query_time 3.31s, total_ip_cost 6184673366, total_retrieval_time 15338.16s
[2022-11-20 21:15:26.953] [info] queryID 16, result_size 104011, rtk_topk 512, ip_cost 1267485098, query_time 4477.06s, total_ip_cost 7452158464, total_retrieval_time 19815.22s
[2022-11-20 21:15:26.954] [info] total retrieval time larger than stop time, retrieval exit
[2022-11-20 21:15:26.962] [info] finish top-10
[2022-11-20 21:15:26.962] [info] top10 retrieval:
	total IP cost 7452158464, total time 19815.221s
[2022-11-20 21:15:26.962] [info] build index time: total 530.921267714s
top200 retrieval:
	total IP cost 4884357442, total time 18203.107s
top100 retrieval:
	total IP cost 5358187542, total time 18499.778s
top50 retrieval:
	total IP cost 5351058732, total time 17442.492s
top20 retrieval:
	total IP cost 8777479357, total time 18597.364s
top10 retrieval:
	total IP cost 7452158464, total time 19815.221s
