nohup: ignoring input
[2022-12-02 10:37:26.163] [info] Simpfer dataset_name yelp, dataset_dir /home/zhengbian/Dataset/ReverseMIPS
[2022-12-02 10:37:26.163] [info] index_dir /home/zhengbian/reverse-k-ranks/index
[2022-12-02 10:37:35.329] [info] n_data_item 159585, n_query_item 1000, n_user 2189457, vec_dim 150
[2022-12-02 10:37:35.329] [info] input parameter: simpfer_k_max 613, stop_time 70000s
[2022-12-02 10:52:39.554] [info] finish preprocess and save the index
[2022-12-02 10:54:54.989] [info] queryID 0, result_size 0, rtk_topk 1, accu_ip_cost 2114319, accu_query_time 135.43s,
[2022-12-02 10:54:58.929] [info] queryID 0, result_size 0, rtk_topk 2, accu_ip_cost 2135487, accu_query_time 139.37s,
[2022-12-02 10:55:02.184] [info] queryID 0, result_size 0, rtk_topk 4, accu_ip_cost 2148449, accu_query_time 142.63s,
[2022-12-02 10:55:05.348] [info] queryID 0, result_size 2, rtk_topk 8, accu_ip_cost 2383959, accu_query_time 145.79s,
[2022-12-02 10:55:08.604] [info] queryID 0, result_size 4, rtk_topk 16, accu_ip_cost 2637290, accu_query_time 149.05s,
[2022-12-02 10:55:12.068] [info] queryID 0, result_size 6, rtk_topk 32, accu_ip_cost 2958323, accu_query_time 152.51s,
[2022-12-02 10:55:15.742] [info] queryID 0, result_size 10, rtk_topk 64, accu_ip_cost 3563094, accu_query_time 156.19s,
[2022-12-02 10:55:20.027] [info] queryID 0, result_size 14, rtk_topk 128, accu_ip_cost 5092244, accu_query_time 160.47s,
[2022-12-02 10:55:28.788] [info] queryID 0, result_size 34, rtk_topk 256, accu_ip_cost 16729162, accu_query_time 169.23s,
[2022-12-02 10:56:29.544] [info] queryID 0, result_size 98, rtk_topk 512, accu_ip_cost 159164905, accu_query_time 229.99s,
[2022-12-02 11:31:00.464] [info] queryID 0, result_size 350, rtk_topk 1024, accu_ip_cost 2572611975, accu_query_time 2300.91s,
[2022-12-02 11:31:00.464] [info] queryID 0, result_size 350, rtk_topk 1024, ip_cost 2572611975, query_time 2300.91s, total_ip_cost 2572611975, total_retrieval_time 2300.91s
[2022-12-02 11:31:09.471] [info] queryID 1, result_size 1, rtk_topk 1, accu_ip_cost 2237655, accu_query_time 9.01s,
[2022-12-02 11:31:12.589] [info] queryID 1, result_size 1, rtk_topk 2, accu_ip_cost 2248239, accu_query_time 12.13s,
[2022-12-02 11:31:15.713] [info] queryID 1, result_size 2, rtk_topk 4, accu_ip_cost 2402060, accu_query_time 15.25s,
[2022-12-02 11:31:18.848] [info] queryID 1, result_size 2, rtk_topk 8, accu_ip_cost 2418100, accu_query_time 18.38s,
[2022-12-02 11:31:22.100] [info] queryID 1, result_size 3, rtk_topk 16, accu_ip_cost 2570640, accu_query_time 21.64s,
[2022-12-02 11:31:25.780] [info] queryID 1, result_size 7, rtk_topk 32, accu_ip_cost 3240521, accu_query_time 25.32s,
[2022-12-02 11:31:30.846] [info] queryID 1, result_size 20, rtk_topk 64, accu_ip_cost 5731699, accu_query_time 30.38s,
[2022-12-02 11:31:39.365] [info] queryID 1, result_size 47, rtk_topk 128, accu_ip_cost 12386908, accu_query_time 38.90s,
[2022-12-02 11:32:01.960] [info] queryID 1, result_size 145, rtk_topk 256, accu_ip_cost 42161603, accu_query_time 61.50s,
[2022-12-02 11:33:22.869] [info] queryID 1, result_size 360, rtk_topk 512, accu_ip_cost 177283780, accu_query_time 142.40s,
[2022-12-02 11:33:22.869] [info] queryID 1, result_size 360, rtk_topk 512, ip_cost 177283780, query_time 142.40s, total_ip_cost 2749895755, total_retrieval_time 2443.31s
[2022-12-02 11:33:25.407] [info] queryID 2, result_size 0, rtk_topk 1, accu_ip_cost 1736361, accu_query_time 2.54s,
[2022-12-02 11:33:28.013] [info] queryID 2, result_size 0, rtk_topk 2, accu_ip_cost 1922095, accu_query_time 5.14s,
[2022-12-02 11:33:30.831] [info] queryID 2, result_size 1, rtk_topk 4, accu_ip_cost 2164232, accu_query_time 7.96s,
[2022-12-02 11:33:33.740] [info] queryID 2, result_size 1, rtk_topk 8, accu_ip_cost 2225300, accu_query_time 10.87s,
[2022-12-02 11:33:36.696] [info] queryID 2, result_size 1, rtk_topk 16, accu_ip_cost 2261459, accu_query_time 13.83s,
[2022-12-02 11:33:39.697] [info] queryID 2, result_size 1, rtk_topk 32, accu_ip_cost 2312779, accu_query_time 16.83s,
[2022-12-02 11:33:42.796] [info] queryID 2, result_size 1, rtk_topk 64, accu_ip_cost 2511196, accu_query_time 19.93s,
[2022-12-02 11:33:46.603] [info] queryID 2, result_size 3, rtk_topk 128, accu_ip_cost 4096017, accu_query_time 23.73s,
[2022-12-02 11:33:53.318] [info] queryID 2, result_size 12, rtk_topk 256, accu_ip_cost 11686387, accu_query_time 30.45s,
[2022-12-02 11:34:15.160] [info] queryID 2, result_size 29, rtk_topk 512, accu_ip_cost 49926378, accu_query_time 52.29s,
[2022-12-02 12:09:09.873] [info] queryID 2, result_size 104, rtk_topk 1024, accu_ip_cost 2572611975, accu_query_time 2147.00s,
[2022-12-02 12:51:54.550] [info] queryID 2, result_size 339, rtk_topk 2048, accu_ip_cost 4814615943, accu_query_time 4711.68s,
[2022-12-02 12:51:54.550] [info] queryID 2, result_size 339, rtk_topk 2048, ip_cost 4814615943, query_time 4711.68s, total_ip_cost 7564511698, total_retrieval_time 7155.00s
[2022-12-02 12:52:07.615] [info] queryID 3, result_size 0, rtk_topk 1, accu_ip_cost 1982229, accu_query_time 13.07s,
[2022-12-02 12:52:10.278] [info] queryID 3, result_size 0, rtk_topk 2, accu_ip_cost 2066859, accu_query_time 15.73s,
[2022-12-02 12:52:12.801] [info] queryID 3, result_size 0, rtk_topk 4, accu_ip_cost 2111001, accu_query_time 18.25s,
[2022-12-02 12:52:15.234] [info] queryID 3, result_size 0, rtk_topk 8, accu_ip_cost 2133051, accu_query_time 20.68s,
[2022-12-02 12:52:17.615] [info] queryID 3, result_size 0, rtk_topk 16, accu_ip_cost 2146617, accu_query_time 23.07s,
[2022-12-02 12:52:19.982] [info] queryID 3, result_size 0, rtk_topk 32, accu_ip_cost 2164129, accu_query_time 25.43s,
[2022-12-02 12:52:22.408] [info] queryID 3, result_size 0, rtk_topk 64, accu_ip_cost 2252482, accu_query_time 27.86s,
[2022-12-02 12:52:25.420] [info] queryID 3, result_size 4, rtk_topk 128, accu_ip_cost 3337218, accu_query_time 30.87s,
[2022-12-02 12:52:31.133] [info] queryID 3, result_size 9, rtk_topk 256, accu_ip_cost 11192303, accu_query_time 36.58s,
[2022-12-02 12:53:06.900] [info] queryID 3, result_size 22, rtk_topk 512, accu_ip_cost 93186675, accu_query_time 72.35s,
[2022-12-02 13:27:36.885] [info] queryID 3, result_size 106, rtk_topk 1024, accu_ip_cost 2572611975, accu_query_time 2142.33s,
[2022-12-02 14:10:23.919] [info] queryID 3, result_size 462, rtk_topk 2048, accu_ip_cost 4814615943, accu_query_time 4709.37s,
[2022-12-02 14:10:23.919] [info] queryID 3, result_size 462, rtk_topk 2048, ip_cost 4814615943, query_time 4709.37s, total_ip_cost 12379127641, total_retrieval_time 11864.36s
[2022-12-02 14:10:31.706] [info] queryID 4, result_size 1, rtk_topk 1, accu_ip_cost 2255746, accu_query_time 7.79s,
[2022-12-02 14:10:34.149] [info] queryID 4, result_size 1, rtk_topk 2, accu_ip_cost 2273227, accu_query_time 10.23s,
[2022-12-02 14:10:36.568] [info] queryID 4, result_size 1, rtk_topk 4, accu_ip_cost 2291410, accu_query_time 12.65s,
[2022-12-02 14:10:39.118] [info] queryID 4, result_size 2, rtk_topk 8, accu_ip_cost 2536001, accu_query_time 15.20s,
[2022-12-02 14:10:42.225] [info] queryID 4, result_size 8, rtk_topk 16, accu_ip_cost 3427438, accu_query_time 18.31s,
[2022-12-02 14:10:46.536] [info] queryID 4, result_size 20, rtk_topk 32, accu_ip_cost 5557781, accu_query_time 22.62s,
[2022-12-02 14:10:54.752] [info] queryID 4, result_size 57, rtk_topk 64, accu_ip_cost 12945344, accu_query_time 30.83s,
[2022-12-02 14:11:16.265] [info] queryID 4, result_size 163, rtk_topk 128, accu_ip_cost 39603102, accu_query_time 52.35s,
[2022-12-02 14:12:27.330] [info] queryID 4, result_size 478, rtk_topk 256, accu_ip_cost 147490409, accu_query_time 123.41s,
[2022-12-02 14:12:27.330] [info] queryID 4, result_size 478, rtk_topk 256, ip_cost 147490409, query_time 123.41s, total_ip_cost 12526618050, total_retrieval_time 11987.78s
[2022-12-02 14:12:29.851] [info] queryID 5, result_size 0, rtk_topk 1, accu_ip_cost 2100501, accu_query_time 2.52s,
[2022-12-02 14:12:32.217] [info] queryID 5, result_size 1, rtk_topk 2, accu_ip_cost 2264138, accu_query_time 4.89s,
[2022-12-02 14:12:34.678] [info] queryID 5, result_size 2, rtk_topk 4, accu_ip_cost 2392012, accu_query_time 7.35s,
[2022-12-02 14:12:37.304] [info] queryID 5, result_size 4, rtk_topk 8, accu_ip_cost 2654851, accu_query_time 9.97s,
[2022-12-02 14:12:39.932] [info] queryID 5, result_size 4, rtk_topk 16, accu_ip_cost 2686618, accu_query_time 12.60s,
[2022-12-02 14:12:42.992] [info] queryID 5, result_size 8, rtk_topk 32, accu_ip_cost 3393747, accu_query_time 15.66s,
[2022-12-02 14:12:46.729] [info] queryID 5, result_size 13, rtk_topk 64, accu_ip_cost 4660157, accu_query_time 19.40s,
[2022-12-02 14:12:53.662] [info] queryID 5, result_size 37, rtk_topk 128, accu_ip_cost 11153392, accu_query_time 26.33s,
[2022-12-02 14:13:14.159] [info] queryID 5, result_size 121, rtk_topk 256, accu_ip_cost 41558689, accu_query_time 46.83s,
[2022-12-02 14:14:53.571] [info] queryID 5, result_size 328, rtk_topk 512, accu_ip_cost 237343424, accu_query_time 146.24s,
[2022-12-02 14:14:53.571] [info] queryID 5, result_size 328, rtk_topk 512, ip_cost 237343424, query_time 146.24s, total_ip_cost 12763961474, total_retrieval_time 12134.02s
[2022-12-02 14:14:56.387] [info] queryID 6, result_size 0, rtk_topk 1, accu_ip_cost 2131539, accu_query_time 2.82s,
[2022-12-02 14:14:58.656] [info] queryID 6, result_size 0, rtk_topk 2, accu_ip_cost 2146365, accu_query_time 5.08s,
[2022-12-02 14:15:00.929] [info] queryID 6, result_size 0, rtk_topk 4, accu_ip_cost 2156263, accu_query_time 7.36s,
[2022-12-02 14:15:03.279] [info] queryID 6, result_size 1, rtk_topk 8, accu_ip_cost 2295406, accu_query_time 9.71s,
[2022-12-02 14:15:05.957] [info] queryID 6, result_size 4, rtk_topk 16, accu_ip_cost 2782612, accu_query_time 12.39s,
[2022-12-02 14:15:09.530] [info] queryID 6, result_size 12, rtk_topk 32, accu_ip_cost 4488229, accu_query_time 15.96s,
[2022-12-02 14:15:16.693] [info] queryID 6, result_size 38, rtk_topk 64, accu_ip_cost 12101028, accu_query_time 23.12s,
[2022-12-02 14:15:41.046] [info] queryID 6, result_size 156, rtk_topk 128, accu_ip_cost 49741276, accu_query_time 47.47s,
[2022-12-02 14:17:19.371] [info] queryID 6, result_size 588, rtk_topk 256, accu_ip_cost 214641057, accu_query_time 145.80s,
[2022-12-02 14:17:19.371] [info] queryID 6, result_size 588, rtk_topk 256, ip_cost 214641057, query_time 145.80s, total_ip_cost 12978602531, total_retrieval_time 12279.82s
[2022-12-02 14:17:21.820] [info] queryID 7, result_size 0, rtk_topk 1, accu_ip_cost 2021121, accu_query_time 2.45s,
[2022-12-02 14:17:24.100] [info] queryID 7, result_size 0, rtk_topk 2, accu_ip_cost 2087775, accu_query_time 4.73s,
[2022-12-02 14:17:26.406] [info] queryID 7, result_size 0, rtk_topk 4, accu_ip_cost 2120661, accu_query_time 7.03s,
[2022-12-02 14:17:28.790] [info] queryID 7, result_size 1, rtk_topk 8, accu_ip_cost 2249401, accu_query_time 9.42s,
[2022-12-02 14:17:31.161] [info] queryID 7, result_size 1, rtk_topk 16, accu_ip_cost 2264649, accu_query_time 11.79s,
[2022-12-02 14:17:33.590] [info] queryID 7, result_size 1, rtk_topk 32, accu_ip_cost 2345707, accu_query_time 14.22s,
[2022-12-02 14:17:36.308] [info] queryID 7, result_size 4, rtk_topk 64, accu_ip_cost 2751621, accu_query_time 16.94s,
[2022-12-02 14:17:39.303] [info] queryID 7, result_size 5, rtk_topk 128, accu_ip_cost 3334188, accu_query_time 19.93s,
[2022-12-02 14:17:44.187] [info] queryID 7, result_size 13, rtk_topk 256, accu_ip_cost 8187142, accu_query_time 24.82s,
[2022-12-02 14:18:12.507] [info] queryID 7, result_size 25, rtk_topk 512, accu_ip_cost 72112286, accu_query_time 53.14s,
[2022-12-02 14:52:30.123] [info] queryID 7, result_size 54, rtk_topk 1024, accu_ip_cost 2572611975, accu_query_time 2110.75s,
[2022-12-02 15:35:07.101] [info] queryID 7, result_size 196, rtk_topk 2048, accu_ip_cost 4814615943, accu_query_time 4667.73s,
[2022-12-02 16:29:52.245] [info] queryID 7, result_size 604, rtk_topk 4096, accu_ip_cost 9298623879, accu_query_time 7952.87s,
[2022-12-02 16:29:52.245] [info] queryID 7, result_size 604, rtk_topk 4096, ip_cost 9298623879, query_time 7952.87s, total_ip_cost 22277226410, total_retrieval_time 20232.69s
[2022-12-02 16:29:59.886] [info] queryID 8, result_size 0, rtk_topk 1, accu_ip_cost 2131203, accu_query_time 7.64s,
[2022-12-02 16:30:02.387] [info] queryID 8, result_size 1, rtk_topk 2, accu_ip_cost 2280566, accu_query_time 10.14s,
[2022-12-02 16:30:04.782] [info] queryID 8, result_size 1, rtk_topk 4, accu_ip_cost 2288882, accu_query_time 12.54s,
[2022-12-02 16:30:07.180] [info] queryID 8, result_size 1, rtk_topk 8, accu_ip_cost 2296736, accu_query_time 14.93s,
[2022-12-02 16:30:09.587] [info] queryID 8, result_size 1, rtk_topk 16, accu_ip_cost 2308328, accu_query_time 17.34s,
[2022-12-02 16:30:12.039] [info] queryID 8, result_size 1, rtk_topk 32, accu_ip_cost 2339471, accu_query_time 19.79s,
[2022-12-02 16:30:14.543] [info] queryID 8, result_size 1, rtk_topk 64, accu_ip_cost 2510676, accu_query_time 22.30s,
[2022-12-02 16:30:18.247] [info] queryID 8, result_size 11, rtk_topk 128, accu_ip_cost 4891852, accu_query_time 26.00s,
[2022-12-02 16:30:26.064] [info] queryID 8, result_size 27, rtk_topk 256, accu_ip_cost 14898494, accu_query_time 33.82s,
[2022-12-02 16:31:13.037] [info] queryID 8, result_size 89, rtk_topk 512, accu_ip_cost 116508060, accu_query_time 80.79s,
[2022-12-02 17:06:49.515] [info] queryID 8, result_size 281, rtk_topk 1024, accu_ip_cost 2572611975, accu_query_time 2217.27s,
[2022-12-02 17:06:49.515] [info] queryID 8, result_size 281, rtk_topk 1024, ip_cost 2572611975, query_time 2217.27s, total_ip_cost 24849838385, total_retrieval_time 22449.96s
[2022-12-02 17:06:56.955] [info] queryID 9, result_size 1, rtk_topk 1, accu_ip_cost 2175540, accu_query_time 7.44s,
[2022-12-02 17:06:59.490] [info] queryID 9, result_size 2, rtk_topk 2, accu_ip_cost 2373989, accu_query_time 9.98s,
[2022-12-02 17:07:02.124] [info] queryID 9, result_size 4, rtk_topk 4, accu_ip_cost 2644551, accu_query_time 12.61s,
[2022-12-02 17:07:04.725] [info] queryID 9, result_size 4, rtk_topk 8, accu_ip_cost 2664864, accu_query_time 15.21s,
[2022-12-02 17:07:07.374] [info] queryID 9, result_size 4, rtk_topk 16, accu_ip_cost 2715459, accu_query_time 17.86s,
[2022-12-02 17:07:10.140] [info] queryID 9, result_size 5, rtk_topk 32, accu_ip_cost 2933115, accu_query_time 20.62s,
[2022-12-02 17:07:13.383] [info] queryID 9, result_size 8, rtk_topk 64, accu_ip_cost 3899996, accu_query_time 23.87s,
[2022-12-02 17:07:18.318] [info] queryID 9, result_size 15, rtk_topk 128, accu_ip_cost 8312097, accu_query_time 28.80s,
[2022-12-02 17:07:33.335] [info] queryID 9, result_size 48, rtk_topk 256, accu_ip_cost 34499523, accu_query_time 43.82s,
[2022-12-02 17:08:44.601] [info] queryID 9, result_size 119, rtk_topk 512, accu_ip_cost 179788937, accu_query_time 115.09s,
[2022-12-02 17:43:39.797] [info] queryID 9, result_size 388, rtk_topk 1024, accu_ip_cost 2572611975, accu_query_time 2210.28s,
[2022-12-02 17:43:39.797] [info] queryID 9, result_size 388, rtk_topk 1024, ip_cost 2572611975, query_time 2210.28s, total_ip_cost 27422450360, total_retrieval_time 24660.24s
[2022-12-02 17:43:47.569] [info] queryID 10, result_size 1, rtk_topk 1, accu_ip_cost 2232799, accu_query_time 7.77s,
[2022-12-02 17:43:50.086] [info] queryID 10, result_size 2, rtk_topk 2, accu_ip_cost 2403481, accu_query_time 10.29s,
[2022-12-02 17:43:52.586] [info] queryID 10, result_size 2, rtk_topk 4, accu_ip_cost 2418685, accu_query_time 12.79s,
[2022-12-02 17:43:55.140] [info] queryID 10, result_size 3, rtk_topk 8, accu_ip_cost 2532550, accu_query_time 15.34s,
[2022-12-02 17:43:57.808] [info] queryID 10, result_size 4, rtk_topk 16, accu_ip_cost 2704160, accu_query_time 18.01s,
[2022-12-02 17:44:00.785] [info] queryID 10, result_size 7, rtk_topk 32, accu_ip_cost 3210291, accu_query_time 20.99s,
[2022-12-02 17:44:04.589] [info] queryID 10, result_size 10, rtk_topk 64, accu_ip_cost 4131679, accu_query_time 24.79s,
[2022-12-02 17:44:09.931] [info] queryID 10, result_size 20, rtk_topk 128, accu_ip_cost 7576299, accu_query_time 30.13s,
[2022-12-02 17:44:23.119] [info] queryID 10, result_size 61, rtk_topk 256, accu_ip_cost 26660824, accu_query_time 43.32s,
[2022-12-02 17:45:30.393] [info] queryID 10, result_size 193, rtk_topk 512, accu_ip_cost 161138228, accu_query_time 110.60s,
[2022-12-02 18:21:25.916] [info] queryID 10, result_size 535, rtk_topk 1024, accu_ip_cost 2572611975, accu_query_time 2266.12s,
[2022-12-02 18:21:25.916] [info] queryID 10, result_size 535, rtk_topk 1024, ip_cost 2572611975, query_time 2266.12s, total_ip_cost 29995062335, total_retrieval_time 26926.36s
[2022-12-02 18:21:33.332] [info] queryID 11, result_size 0, rtk_topk 1, accu_ip_cost 2097771, accu_query_time 7.42s,
[2022-12-02 18:21:35.662] [info] queryID 11, result_size 0, rtk_topk 2, accu_ip_cost 2126457, accu_query_time 9.75s,
[2022-12-02 18:21:37.929] [info] queryID 11, result_size 0, rtk_topk 4, accu_ip_cost 2141997, accu_query_time 12.01s,
[2022-12-02 18:21:40.196] [info] queryID 11, result_size 0, rtk_topk 8, accu_ip_cost 2152245, accu_query_time 14.28s,
[2022-12-02 18:21:42.634] [info] queryID 11, result_size 1, rtk_topk 16, accu_ip_cost 2304414, accu_query_time 16.72s,
[2022-12-02 18:21:45.117] [info] queryID 11, result_size 2, rtk_topk 32, accu_ip_cost 2447288, accu_query_time 19.20s,
[2022-12-02 18:21:47.662] [info] queryID 11, result_size 2, rtk_topk 64, accu_ip_cost 2528357, accu_query_time 21.75s,
[2022-12-02 18:21:50.571] [info] queryID 11, result_size 5, rtk_topk 128, accu_ip_cost 3385354, accu_query_time 24.66s,
[2022-12-02 18:21:55.370] [info] queryID 11, result_size 13, rtk_topk 256, accu_ip_cost 7744181, accu_query_time 29.45s,
[2022-12-02 18:22:20.143] [info] queryID 11, result_size 33, rtk_topk 512, accu_ip_cost 59424737, accu_query_time 54.23s,
[2022-12-02 18:56:52.496] [info] queryID 11, result_size 96, rtk_topk 1024, accu_ip_cost 2572611975, accu_query_time 2126.58s,
[2022-12-02 19:41:26.749] [info] queryID 11, result_size 272, rtk_topk 2048, accu_ip_cost 4814615943, accu_query_time 4800.83s,
[2022-12-02 19:41:26.749] [info] queryID 11, result_size 272, rtk_topk 2048, ip_cost 4814615943, query_time 4800.83s, total_ip_cost 34809678278, total_retrieval_time 31727.19s
[2022-12-02 19:41:34.628] [info] queryID 12, result_size 0, rtk_topk 1, accu_ip_cost 1939725, accu_query_time 7.88s,
[2022-12-02 19:41:38.068] [info] queryID 12, result_size 1, rtk_topk 2, accu_ip_cost 2163461, accu_query_time 11.32s,
[2022-12-02 19:41:41.372] [info] queryID 12, result_size 1, rtk_topk 4, accu_ip_cost 2217347, accu_query_time 14.62s,
[2022-12-02 19:41:44.697] [info] queryID 12, result_size 2, rtk_topk 8, accu_ip_cost 2382796, accu_query_time 17.95s,
[2022-12-02 19:41:47.987] [info] queryID 12, result_size 2, rtk_topk 16, accu_ip_cost 2403093, accu_query_time 21.24s,
[2022-12-02 19:41:51.386] [info] queryID 12, result_size 2, rtk_topk 32, accu_ip_cost 2453237, accu_query_time 24.64s,
[2022-12-02 19:41:54.851] [info] queryID 12, result_size 3, rtk_topk 64, accu_ip_cost 2578054, accu_query_time 28.10s,
[2022-12-02 19:41:58.319] [info] queryID 12, result_size 3, rtk_topk 128, accu_ip_cost 2642753, accu_query_time 31.57s,
[2022-12-02 19:42:02.085] [info] queryID 12, result_size 3, rtk_topk 256, accu_ip_cost 3607124, accu_query_time 35.34s,
[2022-12-02 19:42:21.586] [info] queryID 12, result_size 3, rtk_topk 512, accu_ip_cost 47150003, accu_query_time 54.84s,
[2022-12-02 20:17:22.119] [info] queryID 12, result_size 9, rtk_topk 1024, accu_ip_cost 2572611975, accu_query_time 2155.37s,
[2022-12-02 21:01:45.955] [info] queryID 12, result_size 25, rtk_topk 2048, accu_ip_cost 4814615943, accu_query_time 4819.21s,
[2022-12-02 21:56:20.693] [info] queryID 12, result_size 133, rtk_topk 4096, accu_ip_cost 9298623879, accu_query_time 8093.94s,
[2022-12-02 23:09:26.986] [info] queryID 12, result_size 645, rtk_topk 8192, accu_ip_cost 18266639751, accu_query_time 12480.24s,
[2022-12-02 23:09:26.986] [info] queryID 12, result_size 645, rtk_topk 8192, ip_cost 18266639751, query_time 12480.24s, total_ip_cost 53076318029, total_retrieval_time 44207.43s
[2022-12-02 23:09:34.669] [info] queryID 13, result_size 0, rtk_topk 1, accu_ip_cost 1833717, accu_query_time 7.68s,
[2022-12-02 23:09:37.255] [info] queryID 13, result_size 0, rtk_topk 2, accu_ip_cost 1982859, accu_query_time 10.27s,
[2022-12-02 23:09:39.714] [info] queryID 13, result_size 0, rtk_topk 4, accu_ip_cost 2065053, accu_query_time 12.73s,
[2022-12-02 23:09:42.126] [info] queryID 13, result_size 0, rtk_topk 8, accu_ip_cost 2110917, accu_query_time 15.14s,
[2022-12-02 23:09:44.484] [info] queryID 13, result_size 0, rtk_topk 16, accu_ip_cost 2133513, accu_query_time 17.50s,
[2022-12-02 23:09:46.837] [info] queryID 13, result_size 0, rtk_topk 32, accu_ip_cost 2149053, accu_query_time 19.85s,
[2022-12-02 23:09:49.222] [info] queryID 13, result_size 0, rtk_topk 64, accu_ip_cost 2180344, accu_query_time 22.24s,
[2022-12-02 23:09:51.799] [info] queryID 13, result_size 0, rtk_topk 128, accu_ip_cost 2674950, accu_query_time 24.81s,
[2022-12-02 23:09:56.344] [info] queryID 13, result_size 0, rtk_topk 256, accu_ip_cost 8786305, accu_query_time 29.36s,
[2022-12-02 23:10:30.299] [info] queryID 13, result_size 8, rtk_topk 512, accu_ip_cost 90672550, accu_query_time 63.31s,
[2022-12-02 23:45:21.463] [info] queryID 13, result_size 54, rtk_topk 1024, accu_ip_cost 2572611975, accu_query_time 2154.48s,
[2022-12-03 00:30:02.260] [info] queryID 13, result_size 427, rtk_topk 2048, accu_ip_cost 4814615943, accu_query_time 4835.27s,
[2022-12-03 00:30:02.260] [info] queryID 13, result_size 427, rtk_topk 2048, ip_cost 4814615943, query_time 4835.27s, total_ip_cost 57890933972, total_retrieval_time 49042.70s
[2022-12-03 00:30:10.816] [info] queryID 14, result_size 0, rtk_topk 1, accu_ip_cost 2112849, accu_query_time 8.56s,
[2022-12-03 00:30:14.136] [info] queryID 14, result_size 0, rtk_topk 2, accu_ip_cost 2134353, accu_query_time 11.88s,
[2022-12-03 00:30:17.456] [info] queryID 14, result_size 0, rtk_topk 4, accu_ip_cost 2151634, accu_query_time 15.20s,
[2022-12-03 00:30:20.851] [info] queryID 14, result_size 1, rtk_topk 8, accu_ip_cost 2307036, accu_query_time 18.59s,
[2022-12-03 00:30:24.224] [info] queryID 14, result_size 1, rtk_topk 16, accu_ip_cost 2317427, accu_query_time 21.96s,
[2022-12-03 00:30:27.610] [info] queryID 14, result_size 1, rtk_topk 32, accu_ip_cost 2406735, accu_query_time 25.35s,
[2022-12-03 00:30:31.409] [info] queryID 14, result_size 5, rtk_topk 64, accu_ip_cost 3464906, accu_query_time 29.15s,
[2022-12-03 00:30:37.284] [info] queryID 14, result_size 21, rtk_topk 128, accu_ip_cost 9481805, accu_query_time 35.02s,
[2022-12-03 00:30:54.957] [info] queryID 14, result_size 84, rtk_topk 256, accu_ip_cost 42320113, accu_query_time 52.70s,
[2022-12-03 00:32:27.387] [info] queryID 14, result_size 264, rtk_topk 512, accu_ip_cost 230349226, accu_query_time 145.13s,
[2022-12-03 00:32:27.387] [info] queryID 14, result_size 264, rtk_topk 512, ip_cost 230349226, query_time 145.13s, total_ip_cost 58121283198, total_retrieval_time 49187.83s
[2022-12-03 00:32:34.876] [info] queryID 15, result_size 0, rtk_topk 1, accu_ip_cost 2093403, accu_query_time 7.49s,
[2022-12-03 00:32:37.646] [info] queryID 15, result_size 1, rtk_topk 2, accu_ip_cost 2272318, accu_query_time 10.26s,
[2022-12-03 00:32:40.996] [info] queryID 15, result_size 2, rtk_topk 4, accu_ip_cost 2424242, accu_query_time 13.61s,
[2022-12-03 00:32:43.813] [info] queryID 15, result_size 5, rtk_topk 8, accu_ip_cost 2826476, accu_query_time 16.43s,
[2022-12-03 00:32:46.728] [info] queryID 15, result_size 6, rtk_topk 16, accu_ip_cost 2953555, accu_query_time 19.34s,
[2022-12-03 00:32:49.703] [info] queryID 15, result_size 6, rtk_topk 32, accu_ip_cost 2989727, accu_query_time 22.32s,
[2022-12-03 00:32:52.861] [info] queryID 15, result_size 9, rtk_topk 64, accu_ip_cost 3421151, accu_query_time 25.47s,
[2022-12-03 00:32:56.318] [info] queryID 15, result_size 11, rtk_topk 128, accu_ip_cost 4371248, accu_query_time 28.93s,
[2022-12-03 00:33:01.957] [info] queryID 15, result_size 20, rtk_topk 256, accu_ip_cost 10785453, accu_query_time 34.57s,
[2022-12-03 00:33:40.863] [info] queryID 15, result_size 60, rtk_topk 512, accu_ip_cost 101973876, accu_query_time 73.48s,
[2022-12-03 01:09:00.714] [info] queryID 15, result_size 155, rtk_topk 1024, accu_ip_cost 2572611975, accu_query_time 2193.33s,
[2022-12-03 01:53:34.313] [info] queryID 15, result_size 473, rtk_topk 2048, accu_ip_cost 4814615943, accu_query_time 4866.93s,
[2022-12-03 01:53:34.313] [info] queryID 15, result_size 473, rtk_topk 2048, ip_cost 4814615943, query_time 4866.93s, total_ip_cost 62935899141, total_retrieval_time 54054.76s
[2022-12-03 01:53:34.532] [info] queryID 16, result_size 0, rtk_topk 1, accu_ip_cost 0, accu_query_time 0.22s,
[2022-12-03 01:53:34.608] [info] queryID 16, result_size 0, rtk_topk 2, accu_ip_cost 0, accu_query_time 0.29s,
[2022-12-03 01:53:34.683] [info] queryID 16, result_size 0, rtk_topk 4, accu_ip_cost 0, accu_query_time 0.37s,
[2022-12-03 01:53:34.758] [info] queryID 16, result_size 0, rtk_topk 8, accu_ip_cost 0, accu_query_time 0.45s,
[2022-12-03 01:53:34.833] [info] queryID 16, result_size 0, rtk_topk 16, accu_ip_cost 42, accu_query_time 0.52s,
[2022-12-03 01:53:34.910] [info] queryID 16, result_size 0, rtk_topk 32, accu_ip_cost 504, accu_query_time 0.60s,
[2022-12-03 01:53:35.001] [info] queryID 16, result_size 0, rtk_topk 64, accu_ip_cost 3486, accu_query_time 0.69s,
[2022-12-03 01:53:35.175] [info] queryID 16, result_size 0, rtk_topk 128, accu_ip_cost 23226, accu_query_time 0.86s,
[2022-12-03 01:53:36.041] [info] queryID 16, result_size 0, rtk_topk 256, accu_ip_cost 187656, accu_query_time 1.73s,
[2022-12-03 01:53:40.063] [info] queryID 16, result_size 0, rtk_topk 512, accu_ip_cost 1084001, accu_query_time 5.75s,
[2022-12-03 02:29:13.998] [info] queryID 16, result_size 0, rtk_topk 1024, accu_ip_cost 2572611975, accu_query_time 2139.69s,
[2022-12-03 03:13:57.652] [info] queryID 16, result_size 0, rtk_topk 2048, accu_ip_cost 4814615943, accu_query_time 4823.34s,
[2022-12-03 04:09:12.391] [info] queryID 16, result_size 0, rtk_topk 4096, accu_ip_cost 9298623879, accu_query_time 8138.08s,
[2022-12-03 05:21:49.372] [info] queryID 16, result_size 0, rtk_topk 8192, accu_ip_cost 18266639751, accu_query_time 12495.06s,
[2022-12-03 06:59:10.227] [info] queryID 16, result_size 0, rtk_topk 16384, accu_ip_cost 36202671495, accu_query_time 18335.91s,
[2022-12-03 09:06:01.737] [info] queryID 16, result_size 0, rtk_topk 32768, accu_ip_cost 72074734983, accu_query_time 25947.42s,
