nohup: ignoring input
[2022-12-06 20:59:51.593] [info] SimpferFEXIPROOnly dataset_name yahoomusic_big, dataset_dir /home/zhengbian/Dataset/ReverseMIPS
[2022-12-06 20:59:51.593] [info] index_dir /home/zhengbian/reverse-k-ranks/index
[2022-12-06 20:59:56.554] [info] n_data_item 135736, n_query_item 1000, n_user 1823179, vec_dim 150
[2022-12-06 20:59:56.554] [info] input parameter: simpfer_k_max 73, stop_time 70000s
[2022-12-06 21:01:23.842] [info] finish preprocess and save the index
[2022-12-06 21:01:23.843] [info] queryID 0, result_size 0, rtk_topk 1, accu_ip_cost 0, accu_query_time 0.00s,
[2022-12-06 21:01:23.843] [info] queryID 0, result_size 0, rtk_topk 2, accu_ip_cost 0, accu_query_time 0.00s,
[2022-12-06 21:01:23.843] [info] queryID 0, result_size 0, rtk_topk 4, accu_ip_cost 0, accu_query_time 0.00s,
[2022-12-06 21:01:23.843] [info] queryID 0, result_size 0, rtk_topk 8, accu_ip_cost 0, accu_query_time 0.00s,
[2022-12-06 21:01:23.843] [info] queryID 0, result_size 0, rtk_topk 16, accu_ip_cost 0, accu_query_time 0.00s,
[2022-12-06 21:01:23.843] [info] queryID 0, result_size 0, rtk_topk 32, accu_ip_cost 0, accu_query_time 0.00s,
[2022-12-06 21:01:23.843] [info] queryID 0, result_size 0, rtk_topk 64, accu_ip_cost 0, accu_query_time 0.00s,
[2022-12-06 21:19:23.938] [info] queryID 0, result_size 0, rtk_topk 128, accu_ip_cost 508666941, accu_query_time 1080.10s,
[2022-12-06 21:41:28.961] [info] queryID 0, result_size 0, rtk_topk 256, accu_ip_cost 742033853, accu_query_time 2405.12s,
[2022-12-06 22:08:56.654] [info] queryID 0, result_size 0, rtk_topk 512, accu_ip_cost 1208767677, accu_query_time 4052.81s,
[2022-12-06 22:43:29.593] [info] queryID 0, result_size 0, rtk_topk 1024, accu_ip_cost 2142235325, accu_query_time 6125.75s,
[2022-12-06 23:24:52.212] [info] queryID 0, result_size 0, rtk_topk 2048, accu_ip_cost 4009170621, accu_query_time 8608.37s,
[2022-12-07 00:14:32.206] [info] queryID 0, result_size 11, rtk_topk 4096, accu_ip_cost 7743041213, accu_query_time 11588.36s,
[2022-12-07 01:13:44.528] [info] queryID 0, result_size 87, rtk_topk 8192, accu_ip_cost 15210782397, accu_query_time 15140.68s,
[2022-12-07 01:13:44.528] [info] queryID 0, result_size 87, rtk_topk 8192, ip_cost 15210782397, query_time 15140.68s, total_ip_cost 15210782397, total_retrieval_time 15140.68s
[2022-12-07 01:13:44.528] [info] queryID 1, result_size 0, rtk_topk 1, accu_ip_cost 0, accu_query_time 0.00s,
[2022-12-07 01:13:44.528] [info] queryID 1, result_size 0, rtk_topk 2, accu_ip_cost 0, accu_query_time 0.00s,
[2022-12-07 01:13:44.528] [info] queryID 1, result_size 0, rtk_topk 4, accu_ip_cost 0, accu_query_time 0.00s,
[2022-12-07 01:13:44.528] [info] queryID 1, result_size 0, rtk_topk 8, accu_ip_cost 0, accu_query_time 0.00s,
[2022-12-07 01:13:44.528] [info] queryID 1, result_size 0, rtk_topk 16, accu_ip_cost 0, accu_query_time 0.00s,
[2022-12-07 01:13:44.528] [info] queryID 1, result_size 0, rtk_topk 32, accu_ip_cost 0, accu_query_time 0.00s,
[2022-12-07 01:13:44.528] [info] queryID 1, result_size 0, rtk_topk 64, accu_ip_cost 0, accu_query_time 0.00s,
[2022-12-07 01:31:34.760] [info] queryID 1, result_size 458, rtk_topk 128, accu_ip_cost 508666941, accu_query_time 1070.23s,
[2022-12-07 01:31:34.760] [info] queryID 1, result_size 458, rtk_topk 128, ip_cost 508666941, query_time 1070.23s, total_ip_cost 15719449338, total_retrieval_time 16210.92s
[2022-12-07 01:31:34.760] [info] queryID 2, result_size 0, rtk_topk 1, accu_ip_cost 0, accu_query_time 0.00s,
[2022-12-07 01:31:34.760] [info] queryID 2, result_size 0, rtk_topk 2, accu_ip_cost 0, accu_query_time 0.00s,
[2022-12-07 01:31:34.760] [info] queryID 2, result_size 0, rtk_topk 4, accu_ip_cost 0, accu_query_time 0.00s,
[2022-12-07 01:31:34.760] [info] queryID 2, result_size 0, rtk_topk 8, accu_ip_cost 0, accu_query_time 0.00s,
[2022-12-07 01:31:34.760] [info] queryID 2, result_size 0, rtk_topk 16, accu_ip_cost 0, accu_query_time 0.00s,
[2022-12-07 01:31:34.760] [info] queryID 2, result_size 0, rtk_topk 32, accu_ip_cost 0, accu_query_time 0.00s,
[2022-12-07 01:31:34.760] [info] queryID 2, result_size 0, rtk_topk 64, accu_ip_cost 0, accu_query_time 0.00s,
[2022-12-07 01:49:17.120] [info] queryID 2, result_size 84, rtk_topk 128, accu_ip_cost 508666941, accu_query_time 1062.36s,
[2022-12-07 01:49:17.120] [info] queryID 2, result_size 84, rtk_topk 128, ip_cost 508666941, query_time 1062.36s, total_ip_cost 16228116279, total_retrieval_time 17273.28s
[2022-12-07 01:49:17.120] [info] queryID 3, result_size 0, rtk_topk 1, accu_ip_cost 0, accu_query_time 0.00s,
[2022-12-07 01:49:17.120] [info] queryID 3, result_size 0, rtk_topk 2, accu_ip_cost 0, accu_query_time 0.00s,
[2022-12-07 01:49:17.120] [info] queryID 3, result_size 0, rtk_topk 4, accu_ip_cost 0, accu_query_time 0.00s,
[2022-12-07 01:49:17.120] [info] queryID 3, result_size 0, rtk_topk 8, accu_ip_cost 0, accu_query_time 0.00s,
[2022-12-07 01:49:17.120] [info] queryID 3, result_size 0, rtk_topk 16, accu_ip_cost 0, accu_query_time 0.00s,
[2022-12-07 01:49:17.120] [info] queryID 3, result_size 0, rtk_topk 32, accu_ip_cost 0, accu_query_time 0.00s,
[2022-12-07 01:49:17.120] [info] queryID 3, result_size 0, rtk_topk 64, accu_ip_cost 0, accu_query_time 0.00s,
[2022-12-07 02:07:02.150] [info] queryID 3, result_size 0, rtk_topk 128, accu_ip_cost 508666941, accu_query_time 1065.03s,
[2022-12-07 02:28:48.707] [info] queryID 3, result_size 0, rtk_topk 256, accu_ip_cost 742033853, accu_query_time 2371.59s,
[2022-12-07 02:55:51.442] [info] queryID 3, result_size 0, rtk_topk 512, accu_ip_cost 1208767677, accu_query_time 3994.32s,
[2022-12-07 03:29:24.343] [info] queryID 3, result_size 0, rtk_topk 1024, accu_ip_cost 2142235325, accu_query_time 6007.22s,
[2022-12-07 04:10:44.174] [info] queryID 3, result_size 17, rtk_topk 2048, accu_ip_cost 4009170621, accu_query_time 8487.05s,
[2022-12-07 05:00:23.111] [info] queryID 3, result_size 125, rtk_topk 4096, accu_ip_cost 7743041213, accu_query_time 11465.99s,
[2022-12-07 05:00:23.111] [info] queryID 3, result_size 125, rtk_topk 4096, ip_cost 7743041213, query_time 11465.99s, total_ip_cost 23971157492, total_retrieval_time 28739.27s
[2022-12-07 05:00:23.111] [info] queryID 4, result_size 0, rtk_topk 1, accu_ip_cost 0, accu_query_time 0.00s,
[2022-12-07 05:00:23.111] [info] queryID 4, result_size 0, rtk_topk 2, accu_ip_cost 0, accu_query_time 0.00s,
[2022-12-07 05:00:23.111] [info] queryID 4, result_size 0, rtk_topk 4, accu_ip_cost 0, accu_query_time 0.00s,
[2022-12-07 05:00:23.111] [info] queryID 4, result_size 0, rtk_topk 8, accu_ip_cost 0, accu_query_time 0.00s,
[2022-12-07 05:00:23.111] [info] queryID 4, result_size 0, rtk_topk 16, accu_ip_cost 0, accu_query_time 0.00s,
[2022-12-07 05:00:23.111] [info] queryID 4, result_size 0, rtk_topk 32, accu_ip_cost 0, accu_query_time 0.00s,
[2022-12-07 05:00:23.111] [info] queryID 4, result_size 0, rtk_topk 64, accu_ip_cost 0, accu_query_time 0.00s,
[2022-12-07 05:18:02.210] [info] queryID 4, result_size 2, rtk_topk 128, accu_ip_cost 508666941, accu_query_time 1059.10s,
[2022-12-07 05:39:59.538] [info] queryID 4, result_size 15, rtk_topk 256, accu_ip_cost 742033853, accu_query_time 2376.43s,
[2022-12-07 06:07:18.202] [info] queryID 4, result_size 72, rtk_topk 512, accu_ip_cost 1208767677, accu_query_time 4015.09s,
[2022-12-07 06:07:18.202] [info] queryID 4, result_size 72, rtk_topk 512, ip_cost 1208767677, query_time 4015.09s, total_ip_cost 25179925169, total_retrieval_time 32754.36s
[2022-12-07 06:07:18.202] [info] queryID 5, result_size 0, rtk_topk 1, accu_ip_cost 0, accu_query_time 0.00s,
[2022-12-07 06:07:18.202] [info] queryID 5, result_size 0, rtk_topk 2, accu_ip_cost 0, accu_query_time 0.00s,
[2022-12-07 06:07:18.202] [info] queryID 5, result_size 0, rtk_topk 4, accu_ip_cost 0, accu_query_time 0.00s,
[2022-12-07 06:07:18.202] [info] queryID 5, result_size 0, rtk_topk 8, accu_ip_cost 0, accu_query_time 0.00s,
[2022-12-07 06:07:18.202] [info] queryID 5, result_size 0, rtk_topk 16, accu_ip_cost 0, accu_query_time 0.00s,
[2022-12-07 06:07:18.202] [info] queryID 5, result_size 0, rtk_topk 32, accu_ip_cost 0, accu_query_time 0.00s,
[2022-12-07 06:07:18.202] [info] queryID 5, result_size 0, rtk_topk 64, accu_ip_cost 0, accu_query_time 0.00s,
[2022-12-07 06:25:00.890] [info] queryID 5, result_size 0, rtk_topk 128, accu_ip_cost 508666941, accu_query_time 1062.69s,
[2022-12-07 06:47:12.222] [info] queryID 5, result_size 0, rtk_topk 256, accu_ip_cost 742033853, accu_query_time 2394.02s,
[2022-12-07 07:14:28.974] [info] queryID 5, result_size 6, rtk_topk 512, accu_ip_cost 1208767677, accu_query_time 4030.77s,
[2022-12-07 07:47:52.720] [info] queryID 5, result_size 90, rtk_topk 1024, accu_ip_cost 2142235325, accu_query_time 6034.52s,
[2022-12-07 07:47:52.720] [info] queryID 5, result_size 90, rtk_topk 1024, ip_cost 2142235325, query_time 6034.52s, total_ip_cost 27322160494, total_retrieval_time 38788.88s
[2022-12-07 07:47:52.720] [info] queryID 6, result_size 0, rtk_topk 1, accu_ip_cost 0, accu_query_time 0.00s,
[2022-12-07 07:47:52.720] [info] queryID 6, result_size 0, rtk_topk 2, accu_ip_cost 0, accu_query_time 0.00s,
[2022-12-07 07:47:52.720] [info] queryID 6, result_size 0, rtk_topk 4, accu_ip_cost 0, accu_query_time 0.00s,
[2022-12-07 07:47:52.720] [info] queryID 6, result_size 0, rtk_topk 8, accu_ip_cost 0, accu_query_time 0.00s,
[2022-12-07 07:47:52.720] [info] queryID 6, result_size 0, rtk_topk 16, accu_ip_cost 0, accu_query_time 0.00s,
[2022-12-07 07:47:52.720] [info] queryID 6, result_size 0, rtk_topk 32, accu_ip_cost 0, accu_query_time 0.00s,
[2022-12-07 07:47:52.720] [info] queryID 6, result_size 0, rtk_topk 64, accu_ip_cost 0, accu_query_time 0.00s,
[2022-12-07 08:05:29.508] [info] queryID 6, result_size 0, rtk_topk 128, accu_ip_cost 508666941, accu_query_time 1056.79s,
[2022-12-07 08:27:18.558] [info] queryID 6, result_size 0, rtk_topk 256, accu_ip_cost 742033853, accu_query_time 2365.84s,
[2022-12-07 08:54:18.875] [info] queryID 6, result_size 0, rtk_topk 512, accu_ip_cost 1208767677, accu_query_time 3986.15s,
[2022-12-07 09:28:07.187] [info] queryID 6, result_size 28, rtk_topk 1024, accu_ip_cost 2142235325, accu_query_time 6014.47s,
[2022-12-07 10:09:47.506] [info] queryID 6, result_size 896, rtk_topk 2048, accu_ip_cost 4009170621, accu_query_time 8514.79s,
[2022-12-07 10:09:47.506] [info] queryID 6, result_size 896, rtk_topk 2048, ip_cost 4009170621, query_time 8514.79s, total_ip_cost 31331331115, total_retrieval_time 47303.66s
[2022-12-07 10:09:47.506] [info] queryID 7, result_size 0, rtk_topk 1, accu_ip_cost 0, accu_query_time 0.00s,
[2022-12-07 10:09:47.506] [info] queryID 7, result_size 0, rtk_topk 2, accu_ip_cost 0, accu_query_time 0.00s,
[2022-12-07 10:09:47.506] [info] queryID 7, result_size 0, rtk_topk 4, accu_ip_cost 0, accu_query_time 0.00s,
[2022-12-07 10:09:47.506] [info] queryID 7, result_size 0, rtk_topk 8, accu_ip_cost 0, accu_query_time 0.00s,
[2022-12-07 10:09:47.506] [info] queryID 7, result_size 0, rtk_topk 16, accu_ip_cost 0, accu_query_time 0.00s,
[2022-12-07 10:09:47.506] [info] queryID 7, result_size 0, rtk_topk 32, accu_ip_cost 0, accu_query_time 0.00s,
[2022-12-07 10:09:47.506] [info] queryID 7, result_size 0, rtk_topk 64, accu_ip_cost 0, accu_query_time 0.00s,
[2022-12-07 10:27:48.849] [info] queryID 7, result_size 0, rtk_topk 128, accu_ip_cost 508666941, accu_query_time 1081.34s,
[2022-12-07 10:49:58.980] [info] queryID 7, result_size 5, rtk_topk 256, accu_ip_cost 742033853, accu_query_time 2411.47s,
[2022-12-07 11:17:15.401] [info] queryID 7, result_size 28, rtk_topk 512, accu_ip_cost 1208767677, accu_query_time 4047.90s,
[2022-12-07 11:51:00.467] [info] queryID 7, result_size 100, rtk_topk 1024, accu_ip_cost 2142235325, accu_query_time 6072.96s,
[2022-12-07 11:51:00.467] [info] queryID 7, result_size 100, rtk_topk 1024, ip_cost 2142235325, query_time 6072.96s, total_ip_cost 33473566440, total_retrieval_time 53376.62s
[2022-12-07 11:51:00.467] [info] queryID 8, result_size 0, rtk_topk 1, accu_ip_cost 0, accu_query_time 0.00s,
[2022-12-07 11:51:00.467] [info] queryID 8, result_size 0, rtk_topk 2, accu_ip_cost 0, accu_query_time 0.00s,
[2022-12-07 11:51:00.467] [info] queryID 8, result_size 0, rtk_topk 4, accu_ip_cost 0, accu_query_time 0.00s,
[2022-12-07 11:51:00.467] [info] queryID 8, result_size 0, rtk_topk 8, accu_ip_cost 0, accu_query_time 0.00s,
[2022-12-07 11:51:00.467] [info] queryID 8, result_size 0, rtk_topk 16, accu_ip_cost 0, accu_query_time 0.00s,
[2022-12-07 11:51:00.467] [info] queryID 8, result_size 0, rtk_topk 32, accu_ip_cost 0, accu_query_time 0.00s,
[2022-12-07 11:51:00.467] [info] queryID 8, result_size 0, rtk_topk 64, accu_ip_cost 0, accu_query_time 0.00s,
[2022-12-07 12:08:43.882] [info] queryID 8, result_size 945, rtk_topk 128, accu_ip_cost 508666941, accu_query_time 1063.41s,
[2022-12-07 12:08:43.882] [info] queryID 8, result_size 945, rtk_topk 128, ip_cost 508666941, query_time 1063.41s, total_ip_cost 33982233381, total_retrieval_time 54440.04s
[2022-12-07 12:08:43.882] [info] queryID 9, result_size 0, rtk_topk 1, accu_ip_cost 0, accu_query_time 0.00s,
[2022-12-07 12:08:43.882] [info] queryID 9, result_size 0, rtk_topk 2, accu_ip_cost 0, accu_query_time 0.00s,
[2022-12-07 12:08:43.882] [info] queryID 9, result_size 0, rtk_topk 4, accu_ip_cost 0, accu_query_time 0.00s,
[2022-12-07 12:08:43.882] [info] queryID 9, result_size 0, rtk_topk 8, accu_ip_cost 0, accu_query_time 0.00s,
[2022-12-07 12:08:43.882] [info] queryID 9, result_size 0, rtk_topk 16, accu_ip_cost 0, accu_query_time 0.00s,
[2022-12-07 12:08:43.882] [info] queryID 9, result_size 0, rtk_topk 32, accu_ip_cost 0, accu_query_time 0.00s,
[2022-12-07 12:08:43.882] [info] queryID 9, result_size 0, rtk_topk 64, accu_ip_cost 0, accu_query_time 0.00s,
[2022-12-07 12:26:24.787] [info] queryID 9, result_size 28176, rtk_topk 128, accu_ip_cost 508666941, accu_query_time 1060.90s,
[2022-12-07 12:26:24.787] [info] queryID 9, result_size 28176, rtk_topk 128, ip_cost 508666941, query_time 1060.90s, total_ip_cost 34490900322, total_retrieval_time 55500.94s
[2022-12-07 12:26:24.787] [info] queryID 10, result_size 0, rtk_topk 1, accu_ip_cost 0, accu_query_time 0.00s,
[2022-12-07 12:26:24.787] [info] queryID 10, result_size 0, rtk_topk 2, accu_ip_cost 0, accu_query_time 0.00s,
[2022-12-07 12:26:24.787] [info] queryID 10, result_size 0, rtk_topk 4, accu_ip_cost 0, accu_query_time 0.00s,
[2022-12-07 12:26:24.787] [info] queryID 10, result_size 0, rtk_topk 8, accu_ip_cost 0, accu_query_time 0.00s,
[2022-12-07 12:26:24.787] [info] queryID 10, result_size 0, rtk_topk 16, accu_ip_cost 0, accu_query_time 0.00s,
[2022-12-07 12:26:24.787] [info] queryID 10, result_size 0, rtk_topk 32, accu_ip_cost 0, accu_query_time 0.00s,
[2022-12-07 12:26:24.787] [info] queryID 10, result_size 0, rtk_topk 64, accu_ip_cost 0, accu_query_time 0.00s,
[2022-12-07 12:44:14.593] [info] queryID 10, result_size 381, rtk_topk 128, accu_ip_cost 508666941, accu_query_time 1069.81s,
[2022-12-07 12:44:14.593] [info] queryID 10, result_size 381, rtk_topk 128, ip_cost 508666941, query_time 1069.81s, total_ip_cost 34999567263, total_retrieval_time 56570.75s
[2022-12-07 12:44:14.593] [info] queryID 11, result_size 0, rtk_topk 1, accu_ip_cost 0, accu_query_time 0.00s,
[2022-12-07 12:44:14.593] [info] queryID 11, result_size 0, rtk_topk 2, accu_ip_cost 0, accu_query_time 0.00s,
[2022-12-07 12:44:14.593] [info] queryID 11, result_size 0, rtk_topk 4, accu_ip_cost 0, accu_query_time 0.00s,
[2022-12-07 12:44:14.593] [info] queryID 11, result_size 0, rtk_topk 8, accu_ip_cost 0, accu_query_time 0.00s,
[2022-12-07 12:44:14.593] [info] queryID 11, result_size 0, rtk_topk 16, accu_ip_cost 0, accu_query_time 0.00s,
[2022-12-07 12:44:14.593] [info] queryID 11, result_size 0, rtk_topk 32, accu_ip_cost 0, accu_query_time 0.00s,
[2022-12-07 12:44:14.593] [info] queryID 11, result_size 0, rtk_topk 64, accu_ip_cost 0, accu_query_time 0.00s,
[2022-12-07 13:02:00.302] [info] queryID 11, result_size 9521, rtk_topk 128, accu_ip_cost 508666941, accu_query_time 1065.71s,
[2022-12-07 13:02:00.302] [info] queryID 11, result_size 9521, rtk_topk 128, ip_cost 508666941, query_time 1065.71s, total_ip_cost 35508234204, total_retrieval_time 57636.46s
[2022-12-07 13:02:00.302] [info] queryID 12, result_size 0, rtk_topk 1, accu_ip_cost 0, accu_query_time 0.00s,
[2022-12-07 13:02:00.302] [info] queryID 12, result_size 0, rtk_topk 2, accu_ip_cost 0, accu_query_time 0.00s,
[2022-12-07 13:02:00.302] [info] queryID 12, result_size 0, rtk_topk 4, accu_ip_cost 0, accu_query_time 0.00s,
[2022-12-07 13:02:00.302] [info] queryID 12, result_size 0, rtk_topk 8, accu_ip_cost 0, accu_query_time 0.00s,
[2022-12-07 13:02:00.302] [info] queryID 12, result_size 0, rtk_topk 16, accu_ip_cost 0, accu_query_time 0.00s,
[2022-12-07 13:02:00.302] [info] queryID 12, result_size 0, rtk_topk 32, accu_ip_cost 0, accu_query_time 0.00s,
[2022-12-07 13:02:00.302] [info] queryID 12, result_size 0, rtk_topk 64, accu_ip_cost 0, accu_query_time 0.00s,
[2022-12-07 13:19:42.200] [info] queryID 12, result_size 0, rtk_topk 128, accu_ip_cost 508666941, accu_query_time 1061.90s,
[2022-12-07 13:41:39.010] [info] queryID 12, result_size 0, rtk_topk 256, accu_ip_cost 742033853, accu_query_time 2378.71s,
[2022-12-07 14:09:07.738] [info] queryID 12, result_size 0, rtk_topk 512, accu_ip_cost 1208767677, accu_query_time 4027.44s,
[2022-12-07 14:42:51.588] [info] queryID 12, result_size 1, rtk_topk 1024, accu_ip_cost 2142235325, accu_query_time 6051.29s,
[2022-12-07 15:23:47.368] [info] queryID 12, result_size 9, rtk_topk 2048, accu_ip_cost 4009170621, accu_query_time 8507.07s,
[2022-12-07 16:13:59.865] [info] queryID 12, result_size 63, rtk_topk 4096, accu_ip_cost 7743041213, accu_query_time 11519.56s,
[2022-12-07 16:13:59.865] [info] queryID 12, result_size 63, rtk_topk 4096, ip_cost 7743041213, query_time 11519.56s, total_ip_cost 43251275417, total_retrieval_time 69156.02s
[2022-12-07 16:13:59.865] [info] queryID 13, result_size 0, rtk_topk 1, accu_ip_cost 0, accu_query_time 0.00s,
[2022-12-07 16:13:59.865] [info] queryID 13, result_size 0, rtk_topk 2, accu_ip_cost 0, accu_query_time 0.00s,
[2022-12-07 16:13:59.865] [info] queryID 13, result_size 0, rtk_topk 4, accu_ip_cost 0, accu_query_time 0.00s,
[2022-12-07 16:13:59.865] [info] queryID 13, result_size 0, rtk_topk 8, accu_ip_cost 0, accu_query_time 0.00s,
[2022-12-07 16:13:59.865] [info] queryID 13, result_size 0, rtk_topk 16, accu_ip_cost 0, accu_query_time 0.00s,
[2022-12-07 16:13:59.865] [info] queryID 13, result_size 0, rtk_topk 32, accu_ip_cost 0, accu_query_time 0.00s,
[2022-12-07 16:13:59.865] [info] queryID 13, result_size 0, rtk_topk 64, accu_ip_cost 0, accu_query_time 0.00s,
[2022-12-07 16:31:55.305] [info] queryID 13, result_size 5315, rtk_topk 128, accu_ip_cost 508666941, accu_query_time 1075.44s,
[2022-12-07 16:31:55.305] [info] queryID 13, result_size 5315, rtk_topk 128, ip_cost 508666941, query_time 1075.44s, total_ip_cost 43759942358, total_retrieval_time 70231.46s
[2022-12-07 16:31:55.306] [info] total retrieval time larger than stop time, retrieval exit
[2022-12-07 16:31:55.422] [info] finish top-50
[2022-12-07 16:31:55.422] [info] top50 retrieval:
	total IP cost 43759942358, total time 70231.462s
[2022-12-07 16:31:55.422] [info] build index time: total 87.288618275s
top50 retrieval:
	total IP cost 43759942358, total time 70231.462s
