nohup: ignoring input
[2022-10-02 12:56:04.935] [info] QueryDistributionIndex dataset_name amazon-home-kitchen, dataset_dir /home/zhengbian/Dataset/ReverseMIPS
[2022-10-02 12:56:04.935] [info] index_dir /data/ReverseMIPS
[2022-10-02 12:56:11.764] [info] n_data_item 409243, n_query_item 1000, n_user 2511610, vec_dim 150
[2022-10-02 12:56:11.887] [info] n_sample_item 5000, sample_topk 600
[2022-10-03 00:28:33.895] [info] FullSample n_sample_item 5000, n_sample_rank 409243
terminate called after throwing an instance of 'std::filesystem::__cxx11::filesystem_error'
  what():  filesystem error: cannot create directory: No such file or directory [/data/ReverseMIPS/query_distribution/amazon-home-kitchen-n_sample_item_5000-sample_topk_600]
Aborted (core dumped)
[2022-10-03 00:28:34.477] [info] QueryRankSampleSearchKthRank dataset_name amazon-home-kitchen, dataset_dir /home/zhengbian/Dataset/ReverseMIPS
[2022-10-03 00:28:34.477] [info] index_dir /data/ReverseMIPS
[2022-10-03 00:28:41.370] [info] n_data_item 409243, n_query_item 1000, n_user 2511610, vec_dim 150
[2022-10-03 00:28:41.370] [info] input parameter: n_sample 801 n_sample_query 5000 sample_topk 600
[2022-10-03 00:28:51.529] [error] error in reading index
[2022-10-03 00:28:52.441] [info] RankSample dataset_name amazon-home-kitchen, dataset_dir /home/zhengbian/Dataset/ReverseMIPS
[2022-10-03 00:28:52.441] [info] index_dir /data/ReverseMIPS
[2022-10-03 00:28:59.400] [info] n_data_item 409243, n_query_item 1000, n_user 2511610, vec_dim 150
[2022-10-03 00:28:59.400] [info] input parameter: n_sample 801
510 1021 1532 2043 2554 3065 3576 4087 4598 5109 5620 6131 6642 7153 7664 8175 8686 9197 9708 10219 10730 11241 11752 12263 12774 13285 13796 14307 14818 15329 15840 16351 16862 17373 17884 18395 18906 19417 19928 20439 20950 21461 21972 22483 22994 23505 24016 24527 25038 25549 26060 26571 27082 27593 28104 28615 29126 29637 30148 30659 31170 31681 32192 32703 33214 33725 34236 34747 35258 35769 36280 36791 37302 37813 38324 38835 39346 39857 40368 40879 41390 41901 42412 42923 43434 43945 44456 44967 45478 45989 46500 47011 47522 48033 48544 49055 49566 50077 50588 51099 51610 52121 52632 53143 53654 54165 54676 55187 55698 56209 56720 57231 57742 58253 58764 59275 59786 60297 60808 61319 61830 62341 62852 63363 63874 64385 64896 65407 65918 66429 66940 67451 67962 68473 68984 69495 70006 70517 71028 71539 72050 72561 73072 73583 74094 74605 75116 75627 76138 76649 77160 77671 78182 78693 79204 79715 80226 80737 81248 81759 82270 82781 83292 83803 84314 84825 85336 85847 86358 86869 87380 87891 88402 88913 89424 89935 90446 90957 91468 91979 92490 93001 93512 94023 94534 95045 95556 96067 96578 97089 97600 98111 98622 99133 99644 100155 100666 101177 101688 102199 102710 103221 103732 104243 104754 105265 105776 106287 106798 107309 107820 108331 108842 109353 109864 110375 110886 111397 111908 112419 112930 113441 113952 114463 114974 115485 115996 116507 117018 117529 118040 118551 119062 119573 120084 120595 121106 121617 122128 122639 123150 123661 124172 124683 125194 125705 126216 126727 127238 127749 128260 128771 129282 129793 130304 130815 131326 131837 132348 132859 133370 133881 134392 134903 135414 135925 136436 136947 137458 137969 138480 138991 139502 140013 140524 141035 141546 142057 142568 143079 143590 144101 144612 145123 145634 146145 146656 147167 147678 148189 148700 149211 149722 150233 150744 151255 151766 152277 152788 153299 153810 154321 154832 155343 155854 156365 156876 157387 157898 158409 158920 159431 159942 160453 160964 161475 161986 162497 163008 163519 164030 164541 165052 165563 166074 166585 167096 167607 168118 168629 169140 169651 170162 170673 171184 171695 172206 172717 173228 173739 174250 174761 175272 175783 176294 176805 177316 177827 178338 178849 179360 179871 180382 180893 181404 181915 182426 182937 183448 183959 184470 184981 185492 186003 186514 187025 187536 188047 188558 189069 189580 190091 190602 191113 191624 192135 192646 193157 193668 194179 194690 195201 195712 196223 196734 197245 197756 198267 198778 199289 199800 200311 200822 201333 201844 202355 202866 203377 203888 204399 204910 205421 205932 206443 206954 207465 207976 208487 208998 209509 210020 210531 211042 211553 212064 212575 213086 213597 214108 214619 215130 215641 216152 216663 217174 217685 218196 218707 219218 219729 220240 220751 221262 221773 222284 222795 223306 223817 224328 224839 225350 225861 226372 226883 227394 227905 228416 228927 229438 229949 230460 230971 231482 231993 232504 233015 233526 234037 234548 235059 235570 236081 236592 237103 237614 238125 238636 239147 239658 240169 240680 241191 241702 242213 242724 243235 243746 244257 244768 245279 245790 246301 246812 247323 247834 248345 248856 249367 249878 250389 250900 251411 251922 252433 252944 253455 253966 254477 254988 255499 256010 256521 257032 257543 258054 258565 259076 259587 260098 260609 261120 261631 262142 262653 263164 263675 264186 264697 265208 265719 266230 266741 267252 267763 268274 268785 269296 269807 270318 270829 271340 271851 272362 272873 273384 273895 274406 274917 275428 275939 276450 276961 277472 277983 278494 279005 279516 280027 280538 281049 281560 282071 282582 283093 283604 284115 284626 285137 285648 286159 286670 287181 287692 288203 288714 289225 289736 290247 290758 291269 291780 292291 292802 293313 293824 294335 294846 295357 295868 296379 296890 297401 297912 298423 298934 299445 299956 300467 300978 301489 302000 302511 303022 303533 304044 304555 305066 305577 306088 306599 307110 307621 308132 308643 309154 309665 310176 310687 311198 311709 312220 312731 313242 313753 314264 314775 315286 315797 316308 316819 317330 317841 318352 318863 319374 319885 320396 320907 321418 321929 322440 322951 323462 323973 324484 324995 325506 326017 326528 327039 327550 328061 328572 329083 329594 330105 330616 331127 331638 332149 332660 333171 333682 334193 334704 335215 335726 336237 336748 337259 337770 338281 338792 339303 339814 340325 340836 341347 341858 342369 342880 343391 343902 344413 344924 345435 345946 346457 346968 347479 347990 348501 349012 349523 350034 350545 351056 351567 352078 352589 353100 353611 354122 354633 355144 355655 356166 356677 357188 357699 358210 358721 359232 359743 360254 360765 361276 361787 362298 362809 363320 363831 364342 364853 365364 365875 366386 366897 367408 367919 368430 368941 369452 369963 370474 370985 371496 372007 372518 373029 373540 374051 374562 375073 375584 376095 376606 377117 377628 378139 378650 379161 379672 380183 380694 381205 381716 382227 382738 383249 383760 384271 384782 385293 385804 386315 386826 387337 387848 388359 388870 389381 389892 390403 390914 391425 391936 392447 392958 393469 393980 394491 395002 395513 396024 396535 397046 397557 398068 398579 399090 399601 400112 400623 401134 401645 402156 402667 403178 403689 404200 404711 405222 405733 406244 406755 407266 407777 408288 408799 409242 
[2022-10-03 00:29:06.092] [info] rank bound: sample_every 511, n_sample 801
preprocessed 0 %, 0.0020654 s/iter Mem: 19694 Mb 
preprocessed 0.398151 %, 78.3959 s/iter Mem: 19694 Mb 
preprocessed 0.796302 %, 132.015 s/iter Mem: 19694 Mb 
preprocessed 1.19445 %, 131.867 s/iter Mem: 19694 Mb 
preprocessed 1.5926 %, 133.004 s/iter Mem: 19694 Mb 
preprocessed 1.99075 %, 133.406 s/iter Mem: 19694 Mb 
preprocessed 2.38891 %, 133.071 s/iter Mem: 19694 Mb 
preprocessed 2.78706 %, 132.774 s/iter Mem: 19694 Mb 
preprocessed 3.18521 %, 133.772 s/iter Mem: 19694 Mb 
preprocessed 3.58336 %, 133.495 s/iter Mem: 19694 Mb 
preprocessed 3.98151 %, 133.359 s/iter Mem: 19694 Mb 
preprocessed 4.37966 %, 133.329 s/iter Mem: 19694 Mb 
preprocessed 4.77781 %, 134.81 s/iter Mem: 19694 Mb 
preprocessed 5.17596 %, 135.182 s/iter Mem: 19694 Mb 
preprocessed 5.57411 %, 135.111 s/iter Mem: 19694 Mb 
preprocessed 5.97226 %, 134.702 s/iter Mem: 19694 Mb 
preprocessed 6.37042 %, 134.751 s/iter Mem: 19694 Mb 
preprocessed 6.76857 %, 135.258 s/iter Mem: 19694 Mb 
preprocessed 7.16672 %, 135.318 s/iter Mem: 19694 Mb 
preprocessed 7.56487 %, 135.06 s/iter Mem: 19694 Mb 
preprocessed 7.96302 %, 135.149 s/iter Mem: 19694 Mb 
preprocessed 8.36117 %, 135.39 s/iter Mem: 19694 Mb 
preprocessed 8.75932 %, 136.428 s/iter Mem: 19694 Mb 
preprocessed 9.15747 %, 136.285 s/iter Mem: 19694 Mb 
preprocessed 9.55562 %, 136.608 s/iter Mem: 19694 Mb 
preprocessed 9.95377 %, 136.337 s/iter Mem: 19694 Mb 
preprocessed 10.3519 %, 136.801 s/iter Mem: 19694 Mb 
preprocessed 10.7501 %, 136.837 s/iter Mem: 19694 Mb 
preprocessed 11.1482 %, 136.699 s/iter Mem: 19694 Mb 
preprocessed 11.5464 %, 136.599 s/iter Mem: 19694 Mb 
preprocessed 11.9445 %, 136.703 s/iter Mem: 19694 Mb 
preprocessed 12.3427 %, 137.616 s/iter Mem: 19694 Mb 
preprocessed 12.7408 %, 138.183 s/iter Mem: 19694 Mb 
preprocessed 13.139 %, 137.994 s/iter Mem: 19694 Mb 
preprocessed 13.5371 %, 137.88 s/iter Mem: 19694 Mb 
preprocessed 13.9353 %, 137.955 s/iter Mem: 19694 Mb 
preprocessed 14.3334 %, 137.582 s/iter Mem: 19694 Mb 
preprocessed 14.7316 %, 138.366 s/iter Mem: 19694 Mb 
preprocessed 15.1297 %, 138.474 s/iter Mem: 19694 Mb 
preprocessed 15.5279 %, 138.336 s/iter Mem: 19694 Mb 
preprocessed 15.926 %, 139.799 s/iter Mem: 19694 Mb 
preprocessed 16.3242 %, 140.076 s/iter Mem: 19694 Mb 
preprocessed 16.7223 %, 139.769 s/iter Mem: 19694 Mb 
preprocessed 17.1205 %, 139.905 s/iter Mem: 19694 Mb 
preprocessed 17.5186 %, 139.777 s/iter Mem: 19694 Mb 
preprocessed 17.9168 %, 139.876 s/iter Mem: 19694 Mb 
preprocessed 18.3149 %, 139.808 s/iter Mem: 19694 Mb 
preprocessed 18.7131 %, 139.872 s/iter Mem: 19694 Mb 
preprocessed 19.1112 %, 139.506 s/iter Mem: 19694 Mb 
preprocessed 19.5094 %, 140.856 s/iter Mem: 19694 Mb 
preprocessed 19.9075 %, 141.305 s/iter Mem: 19694 Mb 
preprocessed 20.3057 %, 141.286 s/iter Mem: 19694 Mb 
preprocessed 20.7039 %, 141.212 s/iter Mem: 19694 Mb 
preprocessed 21.102 %, 141.559 s/iter Mem: 19694 Mb 
preprocessed 21.5002 %, 141.351 s/iter Mem: 19694 Mb 
preprocessed 21.8983 %, 141.693 s/iter Mem: 19694 Mb 
preprocessed 22.2965 %, 141.711 s/iter Mem: 19694 Mb 
preprocessed 22.6946 %, 141.852 s/iter Mem: 19694 Mb 
preprocessed 23.0928 %, 142.422 s/iter Mem: 19694 Mb 
preprocessed 23.4909 %, 143.294 s/iter Mem: 19694 Mb 
preprocessed 23.8891 %, 143.311 s/iter Mem: 19694 Mb 
preprocessed 24.2872 %, 143.331 s/iter Mem: 19694 Mb 
preprocessed 24.6854 %, 143.322 s/iter Mem: 19694 Mb 
preprocessed 25.0835 %, 143.333 s/iter Mem: 19694 Mb 
preprocessed 25.4817 %, 143.517 s/iter Mem: 19694 Mb 
preprocessed 25.8798 %, 143.453 s/iter Mem: 19694 Mb 
preprocessed 26.278 %, 143.51 s/iter Mem: 19694 Mb 
preprocessed 26.6761 %, 144.189 s/iter Mem: 19694 Mb 
preprocessed 27.0743 %, 145.237 s/iter Mem: 19694 Mb 
preprocessed 27.4724 %, 144.992 s/iter Mem: 19694 Mb 
preprocessed 27.8706 %, 144.86 s/iter Mem: 19694 Mb 
preprocessed 28.2687 %, 144.833 s/iter Mem: 19694 Mb 
preprocessed 28.6669 %, 144.876 s/iter Mem: 19694 Mb 
preprocessed 29.065 %, 144.927 s/iter Mem: 19694 Mb 
preprocessed 29.4632 %, 144.978 s/iter Mem: 19694 Mb 
preprocessed 29.8613 %, 145.196 s/iter Mem: 19694 Mb 
preprocessed 30.2595 %, 147.408 s/iter Mem: 19694 Mb 
preprocessed 30.6576 %, 146.689 s/iter Mem: 19694 Mb 
preprocessed 31.0558 %, 146.659 s/iter Mem: 19694 Mb 
preprocessed 31.4539 %, 146.783 s/iter Mem: 19694 Mb 
preprocessed 31.8521 %, 146.776 s/iter Mem: 19694 Mb 
preprocessed 32.2502 %, 146.737 s/iter Mem: 19694 Mb 
preprocessed 32.6484 %, 146.725 s/iter Mem: 19694 Mb 
preprocessed 33.0465 %, 146.929 s/iter Mem: 19694 Mb 
preprocessed 33.4447 %, 147.539 s/iter Mem: 19694 Mb 
preprocessed 33.8428 %, 148.497 s/iter Mem: 19694 Mb 
preprocessed 34.241 %, 148.784 s/iter Mem: 19694 Mb 
preprocessed 34.6391 %, 148.462 s/iter Mem: 19694 Mb 
preprocessed 35.0373 %, 148.531 s/iter Mem: 19694 Mb 
preprocessed 35.4354 %, 148.333 s/iter Mem: 19694 Mb 
preprocessed 35.8336 %, 148.342 s/iter Mem: 19694 Mb 
preprocessed 36.2317 %, 148.537 s/iter Mem: 19694 Mb 
preprocessed 36.6299 %, 148.565 s/iter Mem: 19694 Mb 
preprocessed 37.028 %, 148.709 s/iter Mem: 19694 Mb 
preprocessed 37.4262 %, 150.215 s/iter Mem: 19694 Mb 
preprocessed 37.8243 %, 150.451 s/iter Mem: 19694 Mb 
preprocessed 38.2225 %, 150.41 s/iter Mem: 19694 Mb 
preprocessed 38.6206 %, 150.385 s/iter Mem: 19694 Mb 
preprocessed 39.0188 %, 150.931 s/iter Mem: 19694 Mb 
preprocessed 39.4169 %, 150.711 s/iter Mem: 19694 Mb 
preprocessed 39.8151 %, 150.513 s/iter Mem: 19694 Mb 
preprocessed 40.2132 %, 150.706 s/iter Mem: 19694 Mb 
preprocessed 40.6114 %, 151.225 s/iter Mem: 19694 Mb 
preprocessed 41.0096 %, 152.651 s/iter Mem: 19694 Mb 
preprocessed 41.4077 %, 152.634 s/iter Mem: 19694 Mb 
preprocessed 41.8059 %, 152.661 s/iter Mem: 19694 Mb 
preprocessed 42.204 %, 152.395 s/iter Mem: 19694 Mb 
preprocessed 42.6022 %, 153.086 s/iter Mem: 19694 Mb 
preprocessed 43.0003 %, 152.972 s/iter Mem: 19694 Mb 
preprocessed 43.3985 %, 152.682 s/iter Mem: 19694 Mb 
preprocessed 43.7966 %, 153.355 s/iter Mem: 19694 Mb 
preprocessed 44.1948 %, 154.25 s/iter Mem: 19694 Mb 
preprocessed 44.5929 %, 154.534 s/iter Mem: 19694 Mb 
preprocessed 44.9911 %, 154.477 s/iter Mem: 19694 Mb 
preprocessed 45.3892 %, 154.783 s/iter Mem: 19694 Mb 
preprocessed 45.7874 %, 154.552 s/iter Mem: 19694 Mb 
preprocessed 46.1855 %, 154.355 s/iter Mem: 19694 Mb 
preprocessed 46.5837 %, 154.339 s/iter Mem: 19694 Mb 
preprocessed 46.9818 %, 155.33 s/iter Mem: 19694 Mb 
preprocessed 47.38 %, 155.818 s/iter Mem: 19694 Mb 
preprocessed 47.7781 %, 156.485 s/iter Mem: 19694 Mb 
preprocessed 48.1763 %, 156.482 s/iter Mem: 19694 Mb 
preprocessed 48.5744 %, 156.213 s/iter Mem: 19694 Mb 
preprocessed 48.9726 %, 155.986 s/iter Mem: 19694 Mb 
preprocessed 49.3707 %, 156.089 s/iter Mem: 19694 Mb 
preprocessed 49.7689 %, 156.346 s/iter Mem: 19694 Mb 
preprocessed 50.167 %, 158.332 s/iter Mem: 19694 Mb 
preprocessed 50.5652 %, 158.146 s/iter Mem: 19694 Mb 
preprocessed 50.9633 %, 158.29 s/iter Mem: 19694 Mb 
preprocessed 51.3615 %, 158.436 s/iter Mem: 19694 Mb 
preprocessed 51.7596 %, 158.51 s/iter Mem: 19694 Mb 
preprocessed 52.1578 %, 158.771 s/iter Mem: 19694 Mb 
preprocessed 52.5559 %, 158.416 s/iter Mem: 19694 Mb 
preprocessed 52.9541 %, 158.766 s/iter Mem: 19694 Mb 
preprocessed 53.3522 %, 160.385 s/iter Mem: 19694 Mb 
preprocessed 53.7504 %, 161.758 s/iter Mem: 19694 Mb 
preprocessed 54.1485 %, 160.442 s/iter Mem: 19694 Mb 
preprocessed 54.5467 %, 160.718 s/iter Mem: 19694 Mb 
preprocessed 54.9448 %, 160.786 s/iter Mem: 19694 Mb 
preprocessed 55.343 %, 161.431 s/iter Mem: 19694 Mb 
preprocessed 55.7411 %, 160.525 s/iter Mem: 19694 Mb 
preprocessed 56.1393 %, 161.061 s/iter Mem: 19694 Mb 
preprocessed 56.5374 %, 163.084 s/iter Mem: 19694 Mb 
preprocessed 56.9356 %, 164.313 s/iter Mem: 19694 Mb 
preprocessed 57.3337 %, 163.223 s/iter Mem: 19694 Mb 
preprocessed 57.7319 %, 163.302 s/iter Mem: 19694 Mb 
preprocessed 58.13 %, 163.669 s/iter Mem: 19694 Mb 
preprocessed 58.5282 %, 163.445 s/iter Mem: 19694 Mb 
preprocessed 58.9263 %, 163.127 s/iter Mem: 19694 Mb 
preprocessed 59.3245 %, 164.325 s/iter Mem: 19694 Mb 
preprocessed 59.7226 %, 167.064 s/iter Mem: 19694 Mb 
preprocessed 60.1208 %, 165.754 s/iter Mem: 19694 Mb 
preprocessed 60.5189 %, 166.968 s/iter Mem: 19694 Mb 
preprocessed 60.9171 %, 166.831 s/iter Mem: 19694 Mb 
preprocessed 61.3153 %, 165.905 s/iter Mem: 19694 Mb 
preprocessed 61.7134 %, 166.144 s/iter Mem: 19694 Mb 
preprocessed 62.1116 %, 166.854 s/iter Mem: 19694 Mb 
preprocessed 62.5097 %, 167.88 s/iter Mem: 19694 Mb 
preprocessed 62.9079 %, 168.843 s/iter Mem: 19694 Mb 
preprocessed 63.306 %, 169.785 s/iter Mem: 19694 Mb 
preprocessed 63.7042 %, 169.123 s/iter Mem: 19694 Mb 
preprocessed 64.1023 %, 169.984 s/iter Mem: 19694 Mb 
preprocessed 64.5005 %, 168.861 s/iter Mem: 19694 Mb 
preprocessed 64.8986 %, 169.143 s/iter Mem: 19694 Mb 
preprocessed 65.2968 %, 170.909 s/iter Mem: 19694 Mb 
preprocessed 65.6949 %, 171.226 s/iter Mem: 19694 Mb 
preprocessed 66.0931 %, 171.884 s/iter Mem: 19694 Mb 
preprocessed 66.4912 %, 171.362 s/iter Mem: 19694 Mb 
preprocessed 66.8894 %, 171.754 s/iter Mem: 19694 Mb 
preprocessed 67.2875 %, 171.712 s/iter Mem: 19694 Mb 
preprocessed 67.6857 %, 171.515 s/iter Mem: 19694 Mb 
preprocessed 68.0838 %, 174.011 s/iter Mem: 19694 Mb 
preprocessed 68.482 %, 175.374 s/iter Mem: 19694 Mb 
preprocessed 68.8801 %, 174.474 s/iter Mem: 19694 Mb 
preprocessed 69.2783 %, 175.795 s/iter Mem: 19694 Mb 
preprocessed 69.6764 %, 174.656 s/iter Mem: 19694 Mb 
preprocessed 70.0746 %, 175.51 s/iter Mem: 19694 Mb 
preprocessed 70.4727 %, 177.155 s/iter Mem: 19694 Mb 
preprocessed 70.8709 %, 178.911 s/iter Mem: 19694 Mb 
preprocessed 71.269 %, 177.927 s/iter Mem: 19694 Mb 
preprocessed 71.6672 %, 178.776 s/iter Mem: 19694 Mb 
preprocessed 72.0653 %, 177.867 s/iter Mem: 19694 Mb 
preprocessed 72.4635 %, 178.919 s/iter Mem: 19694 Mb 
preprocessed 72.8616 %, 178.533 s/iter Mem: 19694 Mb 
preprocessed 73.2598 %, 179.665 s/iter Mem: 19694 Mb 
preprocessed 73.6579 %, 181.898 s/iter Mem: 19694 Mb 
preprocessed 74.0561 %, 180.962 s/iter Mem: 19694 Mb 
preprocessed 74.4542 %, 181.798 s/iter Mem: 19694 Mb 
preprocessed 74.8524 %, 180.971 s/iter Mem: 19694 Mb 
preprocessed 75.2505 %, 181.957 s/iter Mem: 19694 Mb 
preprocessed 75.6487 %, 182.486 s/iter Mem: 19694 Mb 
preprocessed 76.0468 %, 184.331 s/iter Mem: 19694 Mb 
preprocessed 76.445 %, 184.954 s/iter Mem: 19694 Mb 
preprocessed 76.8431 %, 185.024 s/iter Mem: 19694 Mb 
preprocessed 77.2413 %, 185.023 s/iter Mem: 19694 Mb 
preprocessed 77.6394 %, 185.387 s/iter Mem: 19694 Mb 
preprocessed 78.0376 %, 185.741 s/iter Mem: 19694 Mb 
preprocessed 78.4357 %, 186.621 s/iter Mem: 19694 Mb 
preprocessed 78.8339 %, 188.769 s/iter Mem: 19694 Mb 
preprocessed 79.232 %, 189.146 s/iter Mem: 19694 Mb 
preprocessed 79.6302 %, 188.232 s/iter Mem: 19694 Mb 
preprocessed 80.0283 %, 188.961 s/iter Mem: 19694 Mb 
preprocessed 80.4265 %, 188.985 s/iter Mem: 19694 Mb 
preprocessed 80.8247 %, 188.609 s/iter Mem: 19694 Mb 
preprocessed 81.2228 %, 190.853 s/iter Mem: 19694 Mb 
preprocessed 81.621 %, 192.765 s/iter Mem: 19694 Mb 
preprocessed 82.0191 %, 192.938 s/iter Mem: 19694 Mb 
preprocessed 82.4173 %, 193.039 s/iter Mem: 19694 Mb 
preprocessed 82.8154 %, 192.414 s/iter Mem: 19694 Mb 
preprocessed 83.2136 %, 193.624 s/iter Mem: 19694 Mb 
preprocessed 83.6117 %, 194.719 s/iter Mem: 19694 Mb 
preprocessed 84.0099 %, 197.139 s/iter Mem: 19694 Mb 
preprocessed 84.408 %, 197.333 s/iter Mem: 19694 Mb 
preprocessed 84.8062 %, 197.195 s/iter Mem: 19694 Mb 
preprocessed 85.2043 %, 196.994 s/iter Mem: 19694 Mb 
preprocessed 85.6025 %, 196.984 s/iter Mem: 19694 Mb 
preprocessed 86.0006 %, 197.617 s/iter Mem: 19694 Mb 
preprocessed 86.3988 %, 201.366 s/iter Mem: 19694 Mb 
preprocessed 86.7969 %, 201.59 s/iter Mem: 19694 Mb 
preprocessed 87.1951 %, 201.636 s/iter Mem: 19694 Mb 
preprocessed 87.5932 %, 201.536 s/iter Mem: 19694 Mb 
preprocessed 87.9914 %, 201.71 s/iter Mem: 19694 Mb 
preprocessed 88.3895 %, 202.334 s/iter Mem: 19694 Mb 
preprocessed 88.7877 %, 206.338 s/iter Mem: 19694 Mb 
preprocessed 89.1858 %, 206.301 s/iter Mem: 19694 Mb 
preprocessed 89.584 %, 206.289 s/iter Mem: 19694 Mb 
preprocessed 89.9821 %, 206.486 s/iter Mem: 19694 Mb 
preprocessed 90.3803 %, 207.261 s/iter Mem: 19694 Mb 
preprocessed 90.7784 %, 209.197 s/iter Mem: 19694 Mb 
preprocessed 91.1766 %, 211.995 s/iter Mem: 19694 Mb 
preprocessed 91.5747 %, 211.785 s/iter Mem: 19694 Mb 
preprocessed 91.9729 %, 211.471 s/iter Mem: 19694 Mb 
preprocessed 92.371 %, 211.759 s/iter Mem: 19694 Mb 
preprocessed 92.7692 %, 211.918 s/iter Mem: 19694 Mb 
preprocessed 93.1673 %, 213.972 s/iter Mem: 19694 Mb 
preprocessed 93.5655 %, 218.196 s/iter Mem: 19694 Mb 
preprocessed 93.9636 %, 217.392 s/iter Mem: 19694 Mb 
preprocessed 94.3618 %, 217.554 s/iter Mem: 19694 Mb 
preprocessed 94.7599 %, 217.91 s/iter Mem: 19694 Mb 
preprocessed 95.1581 %, 218.433 s/iter Mem: 19694 Mb 
preprocessed 95.5562 %, 220.627 s/iter Mem: 19694 Mb 
preprocessed 95.9544 %, 224.521 s/iter Mem: 19694 Mb 
preprocessed 96.3525 %, 223.229 s/iter Mem: 19694 Mb 
preprocessed 96.7507 %, 223.049 s/iter Mem: 19694 Mb 
preprocessed 97.1488 %, 224.214 s/iter Mem: 19694 Mb 
preprocessed 97.547 %, 225.163 s/iter Mem: 19694 Mb 
preprocessed 97.9451 %, 229.262 s/iter Mem: 19694 Mb 
preprocessed 98.3433 %, 228.489 s/iter Mem: 19694 Mb 
preprocessed 98.7414 %, 229.709 s/iter Mem: 19694 Mb 
preprocessed 99.1396 %, 228.582 s/iter Mem: 19694 Mb 
preprocessed 99.5377 %, 231.607 s/iter Mem: 19694 Mb 
preprocessed 99.9359 %, 234.253 s/iter Mem: 19694 Mb 
[2022-10-03 11:59:47.685] [info] finish preprocess and save the index
[2022-10-03 12:54:54.227] [info] finish top-600
[2022-10-03 12:54:54.227] [info] top600 retrieval time: total 3305.706s
	inner product 37.829s, coarse binary search 29.913s, read disk 3236.338s
	fine binary search 0.519s
	total io cost 622060032, rank prune ratio 0.9976
[2022-10-03 13:49:52.209] [info] finish top-500
[2022-10-03 13:49:52.209] [info] top500 retrieval time: total 3297.981s
	inner product 37.958s, coarse binary search 30.117s, read disk 3228.293s
	fine binary search 0.514s
	total io cost 620707840, rank prune ratio 0.9976
[2022-10-03 14:44:24.242] [info] finish top-400
[2022-10-03 14:44:24.242] [info] top400 retrieval time: total 3272.033s
	inner product 37.879s, coarse binary search 29.937s, read disk 3202.614s
	fine binary search 0.513s
	total io cost 618971648, rank prune ratio 0.9976
[2022-10-03 15:38:46.354] [info] finish top-300
[2022-10-03 15:38:46.354] [info] top300 retrieval time: total 3262.111s
	inner product 38.212s, coarse binary search 30.195s, read disk 3192.103s
	fine binary search 0.511s
	total io cost 617670144, rank prune ratio 0.9976
[2022-10-03 16:32:36.655] [info] finish top-200
[2022-10-03 16:32:36.655] [info] top200 retrieval time: total 3230.301s
	inner product 38.086s, coarse binary search 30.059s, read disk 3160.578s
	fine binary search 0.502s
	total io cost 614953984, rank prune ratio 0.9976
[2022-10-03 17:24:28.675] [info] finish top-100
[2022-10-03 17:24:28.675] [info] top100 retrieval time: total 3112.020s
	inner product 37.628s, coarse binary search 29.757s, read disk 3043.113s
	fine binary search 0.477s
	total io cost 597099008, rank prune ratio 0.9977
[2022-10-03 18:16:19.030] [info] finish top-50
[2022-10-03 18:16:19.030] [info] top50 retrieval time: total 3110.355s
	inner product 38.064s, coarse binary search 30.256s, read disk 3040.528s
	fine binary search 0.474s
	total io cost 595625984, rank prune ratio 0.9977
[2022-10-03 19:08:10.777] [info] finish top-40
[2022-10-03 19:08:10.777] [info] top40 retrieval time: total 3111.746s
	inner product 37.746s, coarse binary search 29.951s, read disk 3042.543s
	fine binary search 0.476s
	total io cost 595315200, rank prune ratio 0.9977
[2022-10-03 19:59:38.397] [info] finish top-30
[2022-10-03 19:59:38.397] [info] top30 retrieval time: total 3087.620s
	inner product 37.990s, coarse binary search 30.034s, read disk 3018.083s
	fine binary search 0.476s
	total io cost 595040256, rank prune ratio 0.9977
[2022-10-03 20:51:00.863] [info] finish top-20
[2022-10-03 20:51:00.863] [info] top20 retrieval time: total 3082.466s
	inner product 37.432s, coarse binary search 29.973s, read disk 3013.563s
	fine binary search 0.474s
	total io cost 594411008, rank prune ratio 0.9977
[2022-10-03 21:42:26.473] [info] finish top-10
[2022-10-03 21:42:26.473] [info] top10 retrieval time: total 3085.609s
	inner product 37.876s, coarse binary search 30.328s, read disk 3015.920s
	fine binary search 0.472s
	total io cost 593905152, rank prune ratio 0.9977
[2022-10-03 21:42:27.305] [info] build index time: total 41448.284484517s
top600 retrieval time: total 3305.706s
	inner product 37.829s, coarse binary search 29.913s, read disk 3236.338s
	fine binary search 0.519s
	total io cost 622060032, rank prune ratio 0.9976
top500 retrieval time: total 3297.981s
	inner product 37.958s, coarse binary search 30.117s, read disk 3228.293s
	fine binary search 0.514s
	total io cost 620707840, rank prune ratio 0.9976
top400 retrieval time: total 3272.033s
	inner product 37.879s, coarse binary search 29.937s, read disk 3202.614s
	fine binary search 0.513s
	total io cost 618971648, rank prune ratio 0.9976
top300 retrieval time: total 3262.111s
	inner product 38.212s, coarse binary search 30.195s, read disk 3192.103s
	fine binary search 0.511s
	total io cost 617670144, rank prune ratio 0.9976
top200 retrieval time: total 3230.301s
	inner product 38.086s, coarse binary search 30.059s, read disk 3160.578s
	fine binary search 0.502s
	total io cost 614953984, rank prune ratio 0.9976
top100 retrieval time: total 3112.020s
	inner product 37.628s, coarse binary search 29.757s, read disk 3043.113s
	fine binary search 0.477s
	total io cost 597099008, rank prune ratio 0.9977
top50 retrieval time: total 3110.355s
	inner product 38.064s, coarse binary search 30.256s, read disk 3040.528s
	fine binary search 0.474s
	total io cost 595625984, rank prune ratio 0.9977
top40 retrieval time: total 3111.746s
	inner product 37.746s, coarse binary search 29.951s, read disk 3042.543s
	fine binary search 0.476s
	total io cost 595315200, rank prune ratio 0.9977
top30 retrieval time: total 3087.620s
	inner product 37.990s, coarse binary search 30.034s, read disk 3018.083s
	fine binary search 0.476s
	total io cost 595040256, rank prune ratio 0.9977
top20 retrieval time: total 3082.466s
	inner product 37.432s, coarse binary search 29.973s, read disk 3013.563s
	fine binary search 0.474s
	total io cost 594411008, rank prune ratio 0.9977
top10 retrieval time: total 3085.609s
	inner product 37.876s, coarse binary search 30.328s, read disk 3015.920s
	fine binary search 0.472s
	total io cost 593905152, rank prune ratio 0.9977
